<?xml version="1.0" encoding="UTF-8"?>
<robot generator="Robot 7.3.2 (Python 3.13.7 on win32)" generated="2025-10-28T14:05:56.435945" rpa="false" schemaversion="5">
<suite id="s1" name="Browse Movies" source="c:\Users\kauar\OneDrive\Área de Trabalho\challenge-final\cinema-app-automation\tests\web\movies\browse_movies.robot">
<kw name="Preparar Navegador" type="SETUP">
<kw name="Abrir Navegador" owner="base_page">
<kw name="New Browser" owner="Browser">
<msg time="2025-10-28T14:05:57.499613" level="INFO">{"browser": "chromium", "headless": false, "chromiumSandbox": false, "devtools": false, "executablePath": "C:/Program Files/BraveSoftware/Brave-Browser/Application/brave.exe", "handleSIGHUP": true, "handleSIGINT": true, "handleSIGTERM": true, "slowMo": 0.0, "timeout": 30000.0, "tracesDir": "C:\\Users\\kauar\\OneDrive\\\u00c1rea de Trabalho\\challenge-final\\browser\\traces\\temp\\3be5382d-f204-41b1-bae3-99f7996b33e6"}</msg>
<msg time="2025-10-28T14:05:57.546288" level="INFO">Starting Browser process C:\Users\kauar\AppData\Local\Programs\Python\Python313\Lib\site-packages\Browser\wrapper\index.js using at 127.0.0.1:62526</msg>
<msg time="2025-10-28T14:05:59.547066" level="INFO">Successfully created browser with options: {"browser":"chromium","headless":false,"chromiumSandbox":false,"devtools":false,"executablePath":"C:/Program Files/BraveSoftware/Brave-Browser/Application/brave.exe","handleSIGHUP":true,"handleSIGINT":true,"handleSIGTERM":true,"slowMo":0,"timeout":30000,"tracesDir":"C:\\Users\\kauar\\OneDrive\\Área de Trabalho\\challenge-final\\browser\\traces\\temp\\3be5382d-f204-41b1-bae3-99f7996b33e6"}</msg>
<arg>${BROWSER}</arg>
<arg>headless=${HEADLESS}</arg>
<arg>executablePath=${BRAVE_PATH}</arg>
<tag>BrowserControl</tag>
<tag>Setter</tag>
<doc>Create a new playwright Browser with specified options.</doc>
<status status="PASS" start="2025-10-28T14:05:57.497854" elapsed="2.049843"/>
</kw>
<kw name="New Context" owner="Browser">
<msg time="2025-10-28T14:05:59.551816" level="INFO">{
  "acceptDownloads": true,
  "bypassCSP": false,
  "forcedColors": "none",
  "ignoreHTTPSErrors": false,
  "javaScriptEnabled": true,
  "offline": false,
  "reducedMotion": "no-preference",
  "serviceWorkers": "allow",
  "viewport": {
    "width": 1920,
    "height": 1080
  }
}</msg>
<msg time="2025-10-28T14:05:59.581718" level="INFO">Successfully created context. </msg>
<msg time="2025-10-28T14:05:59.582198" level="INFO">{'acceptDownloads': True, 'bypassCSP': False, 'forcedColors': 'none', 'ignoreHTTPSErrors': False, 'javaScriptEnabled': True, 'offline': False, 'reducedMotion': 'no-preference', 'serviceWorkers': 'allow', 'viewport': {'width': 1920, 'height': 1080}}</msg>
<arg>viewport={'width': 1920, 'height': 1080}</arg>
<tag>BrowserControl</tag>
<tag>Setter</tag>
<doc>Create a new BrowserContext with specified options.</doc>
<status status="PASS" start="2025-10-28T14:05:59.548267" elapsed="0.034235"/>
</kw>
<kw name="Set Browser Timeout" owner="Browser">
<arg>${TIMEOUT}</arg>
<tag>Config</tag>
<tag>Setter</tag>
<doc>Sets the timeout used by most input and getter keywords.</doc>
<status status="PASS" start="2025-10-28T14:05:59.582950" elapsed="0.006418"/>
</kw>
<kw name="Log" owner="BuiltIn">
<msg time="2025-10-28T14:05:59.590573" level="INFO">Navegador aberto</msg>
<arg>Navegador aberto</arg>
<arg>console=True</arg>
<doc>Logs the given message with the given level.</doc>
<status status="PASS" start="2025-10-28T14:05:59.589879" elapsed="0.009318"/>
</kw>
<doc>Abre o navegador configurado (Brave ou Chrome)</doc>
<status status="PASS" start="2025-10-28T14:05:57.495302" elapsed="2.104296"/>
</kw>
<kw name="Log" owner="BuiltIn">
<msg time="2025-10-28T14:05:59.600742" level="INFO">Suite de testes Web iniciada</msg>
<arg>Suite de testes Web iniciada</arg>
<arg>console=True</arg>
<doc>Logs the given message with the given level.</doc>
<status status="PASS" start="2025-10-28T14:05:59.600130" elapsed="0.002576"/>
</kw>
<doc>Prepara navegador para os testes</doc>
<status status="PASS" start="2025-10-28T14:05:57.494068" elapsed="2.109027"/>
</kw>
<test id="s1-t1" name="TC_WEB_006 - Acessar detalhes de um filme deve mostrar informacoes completas" line="26">
<kw name="Acessar Aplicacao" owner="base_page" type="SETUP">
<kw name="New Page" owner="Browser">
<msg time="2025-10-28T14:06:00.323674" level="INFO">Successfully initialized new page object and opened url: http://localhost:3002/</msg>
<arg>${WEB_URL}</arg>
<tag>BrowserControl</tag>
<tag>Setter</tag>
<doc>Open a new Page.</doc>
<status status="PASS" start="2025-10-28T14:05:59.613576" elapsed="0.710639"/>
</kw>
<kw name="Log" owner="BuiltIn">
<msg time="2025-10-28T14:06:00.325327" level="INFO">Acessando aplicação: http://localhost:3002/</msg>
<arg>Acessando aplicação: ${WEB_URL}</arg>
<arg>console=True</arg>
<doc>Logs the given message with the given level.</doc>
<status status="PASS" start="2025-10-28T14:06:00.324606" elapsed="0.011710"/>
</kw>
<doc>Navega para a home da aplicação</doc>
<status status="PASS" start="2025-10-28T14:05:59.612385" elapsed="0.724315"/>
</kw>
<kw name="Validar Que Estou Na Home" owner="home_page">
<kw name="Aguardar Carregamento" owner="base_page">
<kw name="Sleep" owner="BuiltIn">
<msg time="2025-10-28T14:06:02.341720" level="INFO">Slept 2 seconds.</msg>
<arg>2s</arg>
<doc>Pauses the test executed for the given time.</doc>
<status status="PASS" start="2025-10-28T14:06:00.339453" elapsed="2.002619"/>
</kw>
<kw name="Run Keyword And Ignore Error" owner="BuiltIn">
<kw name="Wait For Elements State" owner="Browser">
<msg time="2025-10-28T14:06:02.393714" level="INFO">Waited for Element with selector .loading, .spinner, [data-loading] at state hidden</msg>
<arg>.loading, .spinner, [data-loading]</arg>
<arg>hidden</arg>
<arg>timeout=${timeout}</arg>
<tag>PageContent</tag>
<tag>Wait</tag>
<doc>Waits for the element found by ``selector`` to satisfy state option.</doc>
<status status="PASS" start="2025-10-28T14:06:02.343162" elapsed="0.050839"/>
</kw>
<arg>Wait For Elements State</arg>
<arg>.loading, .spinner, [data-loading]</arg>
<arg>hidden</arg>
<arg>timeout=${timeout}</arg>
<doc>Runs the given keyword with the given arguments and ignores possible error.</doc>
<status status="PASS" start="2025-10-28T14:06:02.342390" elapsed="0.051753"/>
</kw>
<doc>Aguarda indicadores de carregamento sumirem</doc>
<status status="PASS" start="2025-10-28T14:06:00.338574" elapsed="2.055730"/>
</kw>
<kw name="Get Url" owner="Browser">
<msg time="2025-10-28T14:06:02.401386" level="INFO">${current_url} = http://localhost:3002/</msg>
<var>${current_url}</var>
<tag>Assertion</tag>
<tag>Getter</tag>
<tag>PageContent</tag>
<doc>Returns the current URL.</doc>
<status status="PASS" start="2025-10-28T14:06:02.394502" elapsed="0.007768"/>
</kw>
<kw name="Should Contain" owner="BuiltIn">
<arg>${current_url}</arg>
<arg>${WEB_URL}</arg>
<doc>Fails if ``container`` does not contain ``item`` one or more times.</doc>
<status status="PASS" start="2025-10-28T14:06:02.402685" elapsed="0.000682"/>
</kw>
<kw name="Log" owner="BuiltIn">
<msg time="2025-10-28T14:06:02.404780" level="INFO">✅ Está na Home</msg>
<arg>✅ Está na Home</arg>
<arg>console=True</arg>
<doc>Logs the given message with the given level.</doc>
<status status="PASS" start="2025-10-28T14:06:02.403734" elapsed="0.001546"/>
</kw>
<doc>Valida que está na página inicial</doc>
<status status="PASS" start="2025-10-28T14:06:00.337628" elapsed="2.067934"/>
</kw>
<kw name="Validar Lista De Filmes Visivel" owner="home_page">
<kw name="Aguardar Carregamento" owner="base_page">
<kw name="Sleep" owner="BuiltIn">
<msg time="2025-10-28T14:06:04.408920" level="INFO">Slept 2 seconds.</msg>
<arg>2s</arg>
<doc>Pauses the test executed for the given time.</doc>
<status status="PASS" start="2025-10-28T14:06:02.408042" elapsed="2.001194"/>
</kw>
<kw name="Run Keyword And Ignore Error" owner="BuiltIn">
<kw name="Wait For Elements State" owner="Browser">
<msg time="2025-10-28T14:06:04.420841" level="INFO">Waited for Element with selector .loading, .spinner, [data-loading] at state hidden</msg>
<arg>.loading, .spinner, [data-loading]</arg>
<arg>hidden</arg>
<arg>timeout=${timeout}</arg>
<tag>PageContent</tag>
<tag>Wait</tag>
<doc>Waits for the element found by ``selector`` to satisfy state option.</doc>
<status status="PASS" start="2025-10-28T14:06:04.410025" elapsed="0.011282"/>
</kw>
<arg>Wait For Elements State</arg>
<arg>.loading, .spinner, [data-loading]</arg>
<arg>hidden</arg>
<arg>timeout=${timeout}</arg>
<doc>Runs the given keyword with the given arguments and ignores possible error.</doc>
<status status="PASS" start="2025-10-28T14:06:04.409511" elapsed="0.011958"/>
</kw>
<doc>Aguarda indicadores de carregamento sumirem</doc>
<status status="PASS" start="2025-10-28T14:06:02.407162" elapsed="2.014417"/>
</kw>
<kw name="Get Element Count" owner="Browser">
<msg time="2025-10-28T14:06:04.430911" level="INFO">${cards_count} = 3</msg>
<var>${cards_count}</var>
<arg>${MOVIE_CARDS}</arg>
<tag>Assertion</tag>
<tag>Getter</tag>
<tag>PageContent</tag>
<doc>Returns the count of elements found with ``selector``.</doc>
<status status="PASS" start="2025-10-28T14:06:04.421787" elapsed="0.009340"/>
</kw>
<kw name="Should Be True" owner="BuiltIn">
<arg>${cards_count} &gt; 0</arg>
<arg>msg=Nenhum filme encontrado na página</arg>
<doc>Fails if the given condition is not true.</doc>
<status status="PASS" start="2025-10-28T14:06:04.431371" elapsed="0.000584"/>
</kw>
<kw name="Log" owner="BuiltIn">
<msg time="2025-10-28T14:06:04.432589" level="INFO">✅ 3 filmes encontrados</msg>
<arg>✅ ${cards_count} filmes encontrados</arg>
<arg>console=True</arg>
<doc>Logs the given message with the given level.</doc>
<status status="PASS" start="2025-10-28T14:06:04.432177" elapsed="0.001251"/>
</kw>
<doc>Valida que a lista de filmes está sendo exibida</doc>
<status status="PASS" start="2025-10-28T14:06:02.406271" elapsed="2.027373"/>
</kw>
<kw name="Clicar No Primeiro Filme" owner="home_page">
<kw name="Sleep" owner="BuiltIn">
<msg time="2025-10-28T14:06:06.435519" level="INFO">Slept 2 seconds.</msg>
<arg>2s</arg>
<doc>Pauses the test executed for the given time.</doc>
<status status="PASS" start="2025-10-28T14:06:04.434865" elapsed="2.001101"/>
</kw>
<kw name="Set Variable" owner="BuiltIn">
<msg time="2025-10-28T14:06:06.437188" level="INFO">${first_card} = .movie-card, [data-testid="movie-card"], .card &gt;&gt; nth=0</msg>
<var>${first_card}</var>
<arg>${MOVIE_CARDS} &gt;&gt; nth=0</arg>
<doc>Returns the given values which can then be assigned to a variables.</doc>
<status status="PASS" start="2025-10-28T14:06:06.436382" elapsed="0.000971"/>
</kw>
<kw name="Run Keyword And Return Status" owner="BuiltIn">
<kw name="Wait For Elements State" owner="Browser">
<msg time="2025-10-28T14:06:06.452824" level="INFO">Waited for Element with selector .movie-card, [data-testid="movie-card"], .card &gt;&gt; nth=0 at state visible</msg>
<arg>${first_card}</arg>
<arg>visible</arg>
<arg>timeout=5s</arg>
<tag>PageContent</tag>
<tag>Wait</tag>
<doc>Waits for the element found by ``selector`` to satisfy state option.</doc>
<status status="PASS" start="2025-10-28T14:06:06.438284" elapsed="0.014835"/>
</kw>
<msg time="2025-10-28T14:06:06.453297" level="INFO">${card_exists} = True</msg>
<var>${card_exists}</var>
<arg>Wait For Elements State</arg>
<arg>${first_card}</arg>
<arg>visible</arg>
<arg>timeout=5s</arg>
<doc>Runs the given keyword with given arguments and returns the status as a Boolean value.</doc>
<status status="PASS" start="2025-10-28T14:06:06.437627" elapsed="0.015796"/>
</kw>
<kw name="Run Keyword If" owner="BuiltIn">
<arg>not ${card_exists}</arg>
<arg>Fail</arg>
<arg>Nenhum card de filme encontrado!</arg>
<doc>Runs the given keyword with the given arguments, if ``condition`` is true.</doc>
<status status="PASS" start="2025-10-28T14:06:06.453770" elapsed="0.001294"/>
</kw>
<kw name="Run Keyword And Return Status" owner="BuiltIn">
<kw name="Run Keywords" owner="BuiltIn">
<kw name="Wait For Elements State" owner="Browser">
<msg time="2025-10-28T14:06:09.466247" level="INFO">Keyword 'Take Screenshot  fail-screenshot-{index}' could not be run on failure:
Error: Tried to take screenshot, but no page was open.</msg>
<msg time="2025-10-28T14:06:09.466607" level="INFO">See also file:///C:/Users/kauar/OneDrive/%C3%81rea%20de%20Trabalho/challenge-final/playwright-log.txt for additional details.</msg>
<msg time="2025-10-28T14:06:09.467216" level="FAIL">Error: Could not find active page</msg>
<arg>${first_card} button</arg>
<arg>visible</arg>
<arg>timeout=3s</arg>
<tag>PageContent</tag>
<tag>Wait</tag>
<doc>Waits for the element found by ``selector`` to satisfy state option.</doc>
<status status="FAIL" start="2025-10-28T14:06:06.456800" elapsed="3.019918">Error: Could not find active page</status>
</kw>
<arg>Wait For Elements State</arg>
<arg>${first_card} button</arg>
<arg>visible</arg>
<arg>timeout=3s</arg>
<arg>AND</arg>
<arg>Click</arg>
<arg>${first_card} button</arg>
<doc>Executes all the given keywords in a sequence.</doc>
<status status="FAIL" start="2025-10-28T14:06:06.456267" elapsed="3.020759">Error: Could not find active page</status>
</kw>
<msg time="2025-10-28T14:06:09.477220" level="INFO">${button_clicked} = False</msg>
<var>${button_clicked}</var>
<arg>Run Keywords</arg>
<arg>Wait For Elements State</arg>
<arg>${first_card} button</arg>
<arg>visible</arg>
<arg>timeout=3s</arg>
<arg>AND</arg>
<arg>Click</arg>
<arg>${first_card} button</arg>
<doc>Runs the given keyword with given arguments and returns the status as a Boolean value.</doc>
<status status="PASS" start="2025-10-28T14:06:06.455539" elapsed="3.021769"/>
</kw>
<kw name="Run Keyword If" owner="BuiltIn">
<kw name="Run Keyword And Ignore Error" owner="BuiltIn">
<kw name="Click" owner="Browser">
<msg time="2025-10-28T14:06:09.479334" level="INFO">Clicks the element '.movie-card, [data-testid="movie-card"], .card &gt;&gt; nth=0 a'.</msg>
<msg time="2025-10-28T14:06:09.495216" level="INFO">Keyword 'Take Screenshot  fail-screenshot-{index}' could not be run on failure:
Error: Tried to take screenshot, but no page was open.</msg>
<msg time="2025-10-28T14:06:09.495513" level="INFO">See also file:///C:/Users/kauar/OneDrive/%C3%81rea%20de%20Trabalho/challenge-final/playwright-log.txt for additional details.</msg>
<msg time="2025-10-28T14:06:09.495731" level="FAIL">Error: Could not find active page</msg>
<arg>${first_card} a</arg>
<tag>PageContent</tag>
<tag>Setter</tag>
<doc>Simulates mouse click on the element found by ``selector``.</doc>
<status status="FAIL" start="2025-10-28T14:06:09.478656" elapsed="0.041066">Error: Could not find active page</status>
</kw>
<arg>Click</arg>
<arg>${first_card} a</arg>
<doc>Runs the given keyword with the given arguments and ignores possible error.</doc>
<status status="PASS" start="2025-10-28T14:06:09.478167" elapsed="0.041831"/>
</kw>
<arg>not ${button_clicked}</arg>
<arg>Run Keyword And Ignore Error</arg>
<arg>Click</arg>
<arg>${first_card} a</arg>
<doc>Runs the given keyword with the given arguments, if ``condition`` is true.</doc>
<status status="PASS" start="2025-10-28T14:06:09.477532" elapsed="0.042632"/>
</kw>
<kw name="Run Keyword If" owner="BuiltIn">
<kw name="Click" owner="Browser">
<msg time="2025-10-28T14:06:09.522168" level="INFO">Clicks the element '.movie-card, [data-testid="movie-card"], .card &gt;&gt; nth=0'.</msg>
<msg time="2025-10-28T14:06:09.529674" level="INFO">Keyword 'Take Screenshot  fail-screenshot-{index}' could not be run on failure:
Error: Tried to take screenshot, but no page was open.</msg>
<msg time="2025-10-28T14:06:09.530117" level="INFO">See also file:///C:/Users/kauar/OneDrive/%C3%81rea%20de%20Trabalho/challenge-final/playwright-log.txt for additional details.</msg>
<msg time="2025-10-28T14:06:09.530347" level="FAIL">Error: Could not find active page</msg>
<arg>${first_card}</arg>
<tag>PageContent</tag>
<tag>Setter</tag>
<doc>Simulates mouse click on the element found by ``selector``.</doc>
<status status="FAIL" start="2025-10-28T14:06:09.521207" elapsed="0.012166">Error: Could not find active page</status>
</kw>
<arg>not ${button_clicked}</arg>
<arg>Click</arg>
<arg>${first_card}</arg>
<doc>Runs the given keyword with the given arguments, if ``condition`` is true.</doc>
<status status="FAIL" start="2025-10-28T14:06:09.520477" elapsed="0.013278">Error: Could not find active page</status>
</kw>
<kw name="Sleep" owner="BuiltIn">
<arg>2s</arg>
<doc>Pauses the test executed for the given time.</doc>
<status status="NOT RUN" start="2025-10-28T14:06:09.534107" elapsed="0.000271"/>
</kw>
<kw name="Log" owner="BuiltIn">
<arg>🎬 Clicou no primeiro filme</arg>
<arg>console=True</arg>
<doc>Logs the given message with the given level.</doc>
<status status="NOT RUN" start="2025-10-28T14:06:09.534634" elapsed="0.000212"/>
</kw>
<doc>Clica no primeiro filme da lista</doc>
<status status="FAIL" start="2025-10-28T14:06:04.434185" elapsed="5.100888">Error: Could not find active page</status>
</kw>
<kw name="Validar Que Estou Na Pagina De Detalhes" owner="movie_detail_page">
<doc>Valida que está na página de detalhes do filme</doc>
<status status="NOT RUN" start="2025-10-28T14:06:09.535646" elapsed="0.000346"/>
</kw>
<kw name="Validar Informacoes Do Filme Visiveis" owner="movie_detail_page">
<doc>Valida que as informações principais do filme estão visíveis</doc>
<status status="NOT RUN" start="2025-10-28T14:06:09.536535" elapsed="0.000325"/>
</kw>
<doc>Valida navegação para página de detalhes do filme</doc>
<tag>detail</tag>
<tag>movies</tag>
<tag>p0</tag>
<tag>smoke</tag>
<tag>web</tag>
<status status="FAIL" start="2025-10-28T14:05:59.603342" elapsed="9.934018">Error: Could not find active page</status>
</test>
<kw name="Fechar Navegador" owner="base_page" type="TEARDOWN">
<kw name="Close Browser" owner="Browser">
<msg time="2025-10-28T14:06:09.922346" level="INFO">Closed browser</msg>
<tag>BrowserControl</tag>
<tag>Setter</tag>
<doc>Closes the current browser.</doc>
<status status="PASS" start="2025-10-28T14:06:09.548775" elapsed="0.374037"/>
</kw>
<kw name="Log" owner="BuiltIn">
<msg time="2025-10-28T14:06:09.923742" level="INFO">Navegador fechado</msg>
<arg>Navegador fechado</arg>
<arg>console=True</arg>
<doc>Logs the given message with the given level.</doc>
<status status="PASS" start="2025-10-28T14:06:09.923181" elapsed="0.001017"/>
</kw>
<doc>Fecha o navegador</doc>
<status status="PASS" start="2025-10-28T14:06:09.543272" elapsed="0.381194"/>
</kw>
<doc>Testes de navegação e visualização de filmes na interface web</doc>
<status status="FAIL" start="2025-10-28T14:05:56.456033" elapsed="13.468581"/>
</suite>
<statistics>
<total>
<stat pass="0" fail="1" skip="0">All Tests</stat>
</total>
<tag>
<stat pass="0" fail="1" skip="0">detail</stat>
<stat pass="0" fail="1" skip="0">movies</stat>
<stat pass="0" fail="1" skip="0">p0</stat>
<stat pass="0" fail="1" skip="0">smoke</stat>
<stat pass="0" fail="1" skip="0">web</stat>
</tag>
<suite>
<stat name="Browse Movies" id="s1" pass="0" fail="1" skip="0">Browse Movies</stat>
</suite>
</statistics>
<errors>
</errors>
</robot>
