<?xml version="1.0" encoding="UTF-8"?>
<robot generator="Robot 7.3.2 (Python 3.13.7 on win32)" generated="2025-10-27T15:25:24.462223" rpa="false" schemaversion="5">
<suite id="s1" name="Api" source="C:\Users\kauar\OneDrive\Área de Trabalho\challenge-final\cinema-app-automation\tests\api">
<suite id="s1-s1" name="Auth" source="C:\Users\kauar\OneDrive\Área de Trabalho\challenge-final\cinema-app-automation\tests\api\auth">
<suite id="s1-s1-s1" name="Login" source="C:\Users\kauar\OneDrive\Área de Trabalho\challenge-final\cinema-app-automation\tests\api\auth\login.robot">
<kw name="Log" owner="BuiltIn" type="SETUP">
<msg time="2025-10-27T15:25:25.612189" level="INFO">Iniciando testes de Login</msg>
<arg>Iniciando testes de Login</arg>
<arg>console=True</arg>
<doc>Logs the given message with the given level.</doc>
<status status="PASS" start="2025-10-27T15:25:25.611963" elapsed="0.000706"/>
</kw>
<test id="s1-s1-s1-t1" name="TC_API_005 - Login com credenciais validas deve retornar status 200 e token JWT" line="8">
<kw name="Fazer Login" owner="auth_service">
<kw name="Criar Sessao da API" owner="base_api">
<kw name="Create Session" owner="RequestsLibrary">
<msg time="2025-10-27T15:25:25.614969" level="INFO">Creating Session using : alias=cinema_api, url=http://localhost:3000/api/v1, headers={},                     cookies={}, auth=None, timeout=None, proxies=None, verify=False,                     debug=0 </msg>
<arg>cinema_api</arg>
<arg>${BASE_URL}</arg>
<arg>verify=False</arg>
<doc>Create Session: create a HTTP session to a server</doc>
<status status="PASS" start="2025-10-27T15:25:25.614688" elapsed="0.000613"/>
</kw>
<doc>Cria uma sessão HTTP para a API</doc>
<status status="PASS" start="2025-10-27T15:25:25.614421" elapsed="0.001019"/>
</kw>
<kw name="Create Dictionary" owner="BuiltIn">
<msg time="2025-10-27T15:25:25.616219" level="INFO">${credentials} = {'email': 'admin@example.com', 'password': 'admin123'}</msg>
<var>${credentials}</var>
<arg>email=${email}</arg>
<arg>password=${password}</arg>
<doc>Creates and returns a dictionary based on the given ``items``.</doc>
<status status="PASS" start="2025-10-27T15:25:25.615630" elapsed="0.000640"/>
</kw>
<kw name="Criar Headers Padrao" owner="base_api">
<kw name="Create Dictionary" owner="BuiltIn">
<msg time="2025-10-27T15:25:25.617286" level="INFO">${headers} = {'Content-Type': 'application/json'}</msg>
<var>${headers}</var>
<arg>Content-Type=${CONTENT_TYPE}</arg>
<doc>Creates and returns a dictionary based on the given ``items``.</doc>
<status status="PASS" start="2025-10-27T15:25:25.616917" elapsed="0.000407"/>
</kw>
<return>
<value>${headers}</value>
<status status="PASS" start="2025-10-27T15:25:25.617405" elapsed="0.000081"/>
</return>
<msg time="2025-10-27T15:25:25.617678" level="INFO">${headers} = {'Content-Type': 'application/json'}</msg>
<var>${headers}</var>
<doc>Cria headers padrão para requisições</doc>
<status status="PASS" start="2025-10-27T15:25:25.616540" elapsed="0.001177"/>
</kw>
<kw name="Log Request Details" owner="base_api">
<kw name="Log" owner="BuiltIn">
<msg time="2025-10-27T15:25:25.618811" level="INFO">🔵 REQUEST: POST /auth/login</msg>
<arg>🔵 REQUEST: ${method} ${endpoint}</arg>
<arg>console=True</arg>
<doc>Logs the given message with the given level.</doc>
<status status="PASS" start="2025-10-27T15:25:25.618235" elapsed="0.000993"/>
</kw>
<kw name="Run Keyword If" owner="BuiltIn">
<kw name="Log" owner="BuiltIn">
<msg time="2025-10-27T15:25:25.619838" level="INFO">Body: {'email': 'admin@example.com', 'password': 'admin123'}</msg>
<arg>Body: ${body}</arg>
<arg>console=True</arg>
<doc>Logs the given message with the given level.</doc>
<status status="PASS" start="2025-10-27T15:25:25.619685" elapsed="0.000415"/>
</kw>
<arg>${body} is not ${NONE}</arg>
<arg>Log</arg>
<arg>Body: ${body}</arg>
<arg>console=True</arg>
<doc>Runs the given keyword with the given arguments, if ``condition`` is true.</doc>
<status status="PASS" start="2025-10-27T15:25:25.619388" elapsed="0.000771"/>
</kw>
<arg>POST</arg>
<arg>${AUTH_LOGIN}</arg>
<arg>${credentials}</arg>
<doc>Loga detalhes da requisição para debug</doc>
<status status="PASS" start="2025-10-27T15:25:25.617887" elapsed="0.002325"/>
</kw>
<kw name="POST On Session" owner="RequestsLibrary">
<msg time="2025-10-27T15:25:26.032796" level="INFO">POST Request : url=http://localhost:3000/api/v1/auth/login 
 path_url=/api/v1/auth/login 
 headers={'User-Agent': 'python-requests/2.32.5', 'Accept-Encoding': 'gzip, deflate', 'Accept': '*/*', 'Connection': 'keep-alive', 'Content-Type': 'application/json', 'Content-Length': '54'} 
 body=b'{"email": "admin@example.com", "password": "admin123"}' 
 </msg>
<msg time="2025-10-27T15:25:26.033022" level="INFO">POST Response : url=http://localhost:3000/api/v1/auth/login 
 status=200, reason=OK 
 headers={'X-Powered-By': 'Express', 'Access-Control-Allow-Origin': '*', 'Content-Type': 'application/json; charset=utf-8', 'Content-Length': '302', 'ETag': 'W/"12e-9k/rg59CxiK+2t9Sjy5UHDWfxCQ"', 'Date': 'Mon, 27 Oct 2025 18:25:26 GMT', 'Connection': 'keep-alive', 'Keep-Alive': 'timeout=5'} 
 body={"success":true,"data":{"_id":"68ffb226b1f8a163bb0e359b","name":"Admin User","email":"admin@example.com","role":"user","token":"eyJhbGciOiJIUzI1NiIsInR5cCI6IkpXVCJ9.eyJpZCI6IjY4ZmZiMjI2YjFmOGExNjNiYjBlMzU5YiIsImlhdCI6MTc2MTU4OTUyNiwiZXhwIjoxNzY1NDc3NTI2fQ.eMi5jmcH9p3NL09FOfKzl0LoDryZWDadIFIX9zo8b0E"}} 
 </msg>
<msg time="2025-10-27T15:25:26.033249" level="INFO">${response} = &lt;Response [200]&gt;</msg>
<var>${response}</var>
<arg>cinema_api</arg>
<arg>${AUTH_LOGIN}</arg>
<arg>json=${credentials}</arg>
<arg>headers=${headers}</arg>
<arg>expected_status=any</arg>
<doc>Sends a POST request on a previously created HTTP Session.</doc>
<status status="PASS" start="2025-10-27T15:25:25.620312" elapsed="0.412992"/>
</kw>
<kw name="Log Response Details" owner="base_api">
<kw name="Log" owner="BuiltIn">
<msg time="2025-10-27T15:25:26.035284" level="INFO">RESPONSE: Status 200</msg>
<arg>RESPONSE: Status ${response.status_code}</arg>
<arg>console=True</arg>
<doc>Logs the given message with the given level.</doc>
<status status="PASS" start="2025-10-27T15:25:26.034266" elapsed="0.001465"/>
</kw>
<kw name="Log" owner="BuiltIn">
<msg time="2025-10-27T15:25:26.036944" level="INFO">Body: {"success":true,"data":{"_id":"68ffb226b1f8a163bb0e359b","name":"Admin User","email":"admin@example.com","role":"user","token":"eyJhbGciOiJIUzI1NiIsInR5cCI6IkpXVCJ9.eyJpZCI6IjY4ZmZiMjI2YjFmOGExNjNiYjBlMzU5YiIsImlhdCI6MTc2MTU4OTUyNiwiZXhwIjoxNzY1NDc3NTI2fQ.eMi5jmcH9p3NL09FOfKzl0LoDryZWDadIFIX9zo8b0E"}}</msg>
<arg>Body: ${response.text}</arg>
<arg>console=True</arg>
<doc>Logs the given message with the given level.</doc>
<status status="PASS" start="2025-10-27T15:25:26.036009" elapsed="0.001287"/>
</kw>
<arg>${response}</arg>
<doc>Loga detalhes da resposta para debug</doc>
<status status="PASS" start="2025-10-27T15:25:26.033692" elapsed="0.003774"/>
</kw>
<return>
<value>${response}</value>
<status status="PASS" start="2025-10-27T15:25:26.037547" elapsed="0.000067"/>
</return>
<msg time="2025-10-27T15:25:26.037826" level="INFO">${response} = &lt;Response [200]&gt;</msg>
<var>${response}</var>
<arg>${ADMIN_EMAIL}</arg>
<arg>${ADMIN_PASSWORD}</arg>
<doc>Realiza login e retorna a resposta completa</doc>
<status status="PASS" start="2025-10-27T15:25:25.613859" elapsed="0.424030"/>
</kw>
<kw name="Validar Status Code" owner="base_api">
<kw name="Should Be Equal As Strings" owner="BuiltIn">
<msg time="2025-10-27T15:25:26.041622" level="INFO">Argument types are:
&lt;class 'int'&gt;
&lt;class 'str'&gt;</msg>
<arg>${response.status_code}</arg>
<arg>${expected_status}</arg>
<arg>msg=Status code esperado: ${expected_status}, recebido: ${response.status_code}</arg>
<doc>Fails if objects are unequal after converting them to strings.</doc>
<status status="PASS" start="2025-10-27T15:25:26.039945" elapsed="0.001799"/>
</kw>
<arg>${response}</arg>
<arg>200</arg>
<doc>Valida o status code da resposta</doc>
<status status="PASS" start="2025-10-27T15:25:26.038665" elapsed="0.003217"/>
</kw>
<kw name="Set Variable" owner="BuiltIn">
<msg time="2025-10-27T15:25:26.043877" level="INFO">${response_json} = {'success': True, 'data': {'_id': '68ffb226b1f8a163bb0e359b', 'name': 'Admin User', 'email': 'admin@example.com', 'role': 'user', 'token': 'eyJhbGciOiJIUzI1NiIsInR5cCI6IkpXVCJ9.eyJpZCI6IjY4ZmZiMjI2YjF...</msg>
<var>${response_json}</var>
<arg>${response.json()}</arg>
<doc>Returns the given values which can then be assigned to a variables.</doc>
<status status="PASS" start="2025-10-27T15:25:26.042822" elapsed="0.001112"/>
</kw>
<kw name="Validar Campo Existe" owner="base_api">
<kw name="Dictionary Should Contain Key" owner="Collections">
<arg>${response_json}</arg>
<arg>${field}</arg>
<arg>msg=Campo '${field}' não encontrado na resposta</arg>
<doc>Fails if ``key`` is not found from ``dictionary``.</doc>
<status status="PASS" start="2025-10-27T15:25:26.045236" elapsed="0.000387"/>
</kw>
<arg>${response_json}</arg>
<arg>success</arg>
<doc>Valida que um campo existe no JSON de resposta</doc>
<status status="PASS" start="2025-10-27T15:25:26.044702" elapsed="0.001077"/>
</kw>
<kw name="Validar Campo Existe" owner="base_api">
<kw name="Dictionary Should Contain Key" owner="Collections">
<arg>${response_json}</arg>
<arg>${field}</arg>
<arg>msg=Campo '${field}' não encontrado na resposta</arg>
<doc>Fails if ``key`` is not found from ``dictionary``.</doc>
<status status="PASS" start="2025-10-27T15:25:26.047036" elapsed="0.000389"/>
</kw>
<arg>${response_json}</arg>
<arg>data</arg>
<doc>Valida que um campo existe no JSON de resposta</doc>
<status status="PASS" start="2025-10-27T15:25:26.046401" elapsed="0.001123"/>
</kw>
<kw name="Get From Dictionary" owner="Collections">
<msg time="2025-10-27T15:25:26.048225" level="INFO">${data} = {'_id': '68ffb226b1f8a163bb0e359b', 'name': 'Admin User', 'email': 'admin@example.com', 'role': 'user', 'token': 'eyJhbGciOiJIUzI1NiIsInR5cCI6IkpXVCJ9.eyJpZCI6IjY4ZmZiMjI2YjFmOGExNjNiYjBlMzU5YiIsImlhd...</msg>
<var>${data}</var>
<arg>${response_json}</arg>
<arg>data</arg>
<doc>Returns a value from the given ``dictionary`` based on the given ``key``.</doc>
<status status="PASS" start="2025-10-27T15:25:26.047991" elapsed="0.000270"/>
</kw>
<kw name="Validar Campo Nao Vazio" owner="base_api">
<kw name="Validar Campo Existe" owner="base_api">
<kw name="Dictionary Should Contain Key" owner="Collections">
<arg>${response_json}</arg>
<arg>${field}</arg>
<arg>msg=Campo '${field}' não encontrado na resposta</arg>
<doc>Fails if ``key`` is not found from ``dictionary``.</doc>
<status status="PASS" start="2025-10-27T15:25:26.049394" elapsed="0.000273"/>
</kw>
<arg>${response_json}</arg>
<arg>${field}</arg>
<doc>Valida que um campo existe no JSON de resposta</doc>
<status status="PASS" start="2025-10-27T15:25:26.049088" elapsed="0.000657"/>
</kw>
<kw name="Get From Dictionary" owner="Collections">
<msg time="2025-10-27T15:25:26.050066" level="INFO">${value} = eyJhbGciOiJIUzI1NiIsInR5cCI6IkpXVCJ9.eyJpZCI6IjY4ZmZiMjI2YjFmOGExNjNiYjBlMzU5YiIsImlhdCI6MTc2MTU4OTUyNiwiZXhwIjoxNzY1NDc3NTI2fQ.eMi5jmcH9p3NL09FOfKzl0LoDryZWDadIFIX9zo8b0E</msg>
<var>${value}</var>
<arg>${response_json}</arg>
<arg>${field}</arg>
<doc>Returns a value from the given ``dictionary`` based on the given ``key``.</doc>
<status status="PASS" start="2025-10-27T15:25:26.049857" elapsed="0.000244"/>
</kw>
<kw name="Should Not Be Empty" owner="BuiltIn">
<msg time="2025-10-27T15:25:26.050379" level="INFO">Length is 171.</msg>
<arg>${value}</arg>
<arg>msg=Campo '${field}' está vazio</arg>
<doc>Verifies that the given item is not empty.</doc>
<status status="PASS" start="2025-10-27T15:25:26.050193" elapsed="0.000227"/>
</kw>
<arg>${data}</arg>
<arg>token</arg>
<doc>Valida que um campo existe e não está vazio</doc>
<status status="PASS" start="2025-10-27T15:25:26.048725" elapsed="0.001748"/>
</kw>
<kw name="Validar Campo Nao Vazio" owner="base_api">
<kw name="Validar Campo Existe" owner="base_api">
<kw name="Dictionary Should Contain Key" owner="Collections">
<arg>${response_json}</arg>
<arg>${field}</arg>
<arg>msg=Campo '${field}' não encontrado na resposta</arg>
<doc>Fails if ``key`` is not found from ``dictionary``.</doc>
<status status="PASS" start="2025-10-27T15:25:26.051877" elapsed="0.000553"/>
</kw>
<arg>${response_json}</arg>
<arg>${field}</arg>
<doc>Valida que um campo existe no JSON de resposta</doc>
<status status="PASS" start="2025-10-27T15:25:26.051514" elapsed="0.001045"/>
</kw>
<kw name="Get From Dictionary" owner="Collections">
<msg time="2025-10-27T15:25:26.052935" level="INFO">${value} = 68ffb226b1f8a163bb0e359b</msg>
<var>${value}</var>
<arg>${response_json}</arg>
<arg>${field}</arg>
<doc>Returns a value from the given ``dictionary`` based on the given ``key``.</doc>
<status status="PASS" start="2025-10-27T15:25:26.052702" elapsed="0.000267"/>
</kw>
<kw name="Should Not Be Empty" owner="BuiltIn">
<msg time="2025-10-27T15:25:26.053420" level="INFO">Length is 24.</msg>
<arg>${value}</arg>
<arg>msg=Campo '${field}' está vazio</arg>
<doc>Verifies that the given item is not empty.</doc>
<status status="PASS" start="2025-10-27T15:25:26.053102" elapsed="0.000397"/>
</kw>
<arg>${data}</arg>
<arg>_id</arg>
<doc>Valida que um campo existe e não está vazio</doc>
<status status="PASS" start="2025-10-27T15:25:26.051090" elapsed="0.002505"/>
</kw>
<kw name="Validar Campo Nao Vazio" owner="base_api">
<kw name="Validar Campo Existe" owner="base_api">
<kw name="Dictionary Should Contain Key" owner="Collections">
<arg>${response_json}</arg>
<arg>${field}</arg>
<arg>msg=Campo '${field}' não encontrado na resposta</arg>
<doc>Fails if ``key`` is not found from ``dictionary``.</doc>
<status status="PASS" start="2025-10-27T15:25:26.055534" elapsed="0.000323"/>
</kw>
<arg>${response_json}</arg>
<arg>${field}</arg>
<doc>Valida que um campo existe no JSON de resposta</doc>
<status status="PASS" start="2025-10-27T15:25:26.055149" elapsed="0.000798"/>
</kw>
<kw name="Get From Dictionary" owner="Collections">
<msg time="2025-10-27T15:25:26.056284" level="INFO">${value} = Admin User</msg>
<var>${value}</var>
<arg>${response_json}</arg>
<arg>${field}</arg>
<doc>Returns a value from the given ``dictionary`` based on the given ``key``.</doc>
<status status="PASS" start="2025-10-27T15:25:26.056074" elapsed="0.000243"/>
</kw>
<kw name="Should Not Be Empty" owner="BuiltIn">
<msg time="2025-10-27T15:25:26.057188" level="INFO">Length is 10.</msg>
<arg>${value}</arg>
<arg>msg=Campo '${field}' está vazio</arg>
<doc>Verifies that the given item is not empty.</doc>
<status status="PASS" start="2025-10-27T15:25:26.056701" elapsed="0.000557"/>
</kw>
<arg>${data}</arg>
<arg>name</arg>
<doc>Valida que um campo existe e não está vazio</doc>
<status status="PASS" start="2025-10-27T15:25:26.054395" elapsed="0.002947"/>
</kw>
<kw name="Validar Campo Nao Vazio" owner="base_api">
<kw name="Validar Campo Existe" owner="base_api">
<kw name="Dictionary Should Contain Key" owner="Collections">
<arg>${response_json}</arg>
<arg>${field}</arg>
<arg>msg=Campo '${field}' não encontrado na resposta</arg>
<doc>Fails if ``key`` is not found from ``dictionary``.</doc>
<status status="PASS" start="2025-10-27T15:25:26.059260" elapsed="0.000197"/>
</kw>
<arg>${response_json}</arg>
<arg>${field}</arg>
<doc>Valida que um campo existe no JSON de resposta</doc>
<status status="PASS" start="2025-10-27T15:25:26.059002" elapsed="0.000510"/>
</kw>
<kw name="Get From Dictionary" owner="Collections">
<msg time="2025-10-27T15:25:26.059725" level="INFO">${value} = admin@example.com</msg>
<var>${value}</var>
<arg>${response_json}</arg>
<arg>${field}</arg>
<doc>Returns a value from the given ``dictionary`` based on the given ``key``.</doc>
<status status="PASS" start="2025-10-27T15:25:26.059590" elapsed="0.000156"/>
</kw>
<kw name="Should Not Be Empty" owner="BuiltIn">
<msg time="2025-10-27T15:25:26.059969" level="INFO">Length is 17.</msg>
<arg>${value}</arg>
<arg>msg=Campo '${field}' está vazio</arg>
<doc>Verifies that the given item is not empty.</doc>
<status status="PASS" start="2025-10-27T15:25:26.059834" elapsed="0.000172"/>
</kw>
<arg>${data}</arg>
<arg>email</arg>
<doc>Valida que um campo existe e não está vazio</doc>
<status status="PASS" start="2025-10-27T15:25:26.058658" elapsed="0.001647"/>
</kw>
<kw name="Validar Campo Existe" owner="base_api">
<kw name="Dictionary Should Contain Key" owner="Collections">
<arg>${response_json}</arg>
<arg>${field}</arg>
<arg>msg=Campo '${field}' não encontrado na resposta</arg>
<doc>Fails if ``key`` is not found from ``dictionary``.</doc>
<status status="PASS" start="2025-10-27T15:25:26.061111" elapsed="0.000195"/>
</kw>
<arg>${data}</arg>
<arg>role</arg>
<doc>Valida que um campo existe no JSON de resposta</doc>
<status status="PASS" start="2025-10-27T15:25:26.060838" elapsed="0.000520"/>
</kw>
<kw name="Should Be Equal" owner="BuiltIn">
<arg>${data['email']}</arg>
<arg>${ADMIN_EMAIL}</arg>
<doc>Fails if the given objects are unequal.</doc>
<status status="PASS" start="2025-10-27T15:25:26.061733" elapsed="0.000546"/>
</kw>
<kw name="Get From Dictionary" owner="Collections">
<msg time="2025-10-27T15:25:26.062885" level="INFO">${token} = eyJhbGciOiJIUzI1NiIsInR5cCI6IkpXVCJ9.eyJpZCI6IjY4ZmZiMjI2YjFmOGExNjNiYjBlMzU5YiIsImlhdCI6MTc2MTU4OTUyNiwiZXhwIjoxNzY1NDc3NTI2fQ.eMi5jmcH9p3NL09FOfKzl0LoDryZWDadIFIX9zo8b0E</msg>
<var>${token}</var>
<arg>${data}</arg>
<arg>token</arg>
<doc>Returns a value from the given ``dictionary`` based on the given ``key``.</doc>
<status status="PASS" start="2025-10-27T15:25:26.062691" elapsed="0.000221"/>
</kw>
<kw name="Get Length" owner="BuiltIn">
<msg time="2025-10-27T15:25:26.063507" level="INFO">Length is 171.</msg>
<msg time="2025-10-27T15:25:26.063906" level="INFO">${token_length} = 171</msg>
<var>${token_length}</var>
<arg>${token}</arg>
<doc>Returns and logs the length of the given item as an integer.</doc>
<status status="PASS" start="2025-10-27T15:25:26.063392" elapsed="0.000576"/>
</kw>
<kw name="Should Be True" owner="BuiltIn">
<arg>${token_length} &gt; 20</arg>
<arg>msg=Token JWT parece muito curto</arg>
<doc>Fails if the given condition is not true.</doc>
<status status="PASS" start="2025-10-27T15:25:26.064693" elapsed="0.000471"/>
</kw>
<doc>Valida que é possível fazer login com credenciais corretas</doc>
<tag>api</tag>
<tag>auth</tag>
<tag>critical</tag>
<tag>login</tag>
<tag>p0</tag>
<tag>smoke</tag>
<status status="PASS" start="2025-10-27T15:25:25.612858" elapsed="0.452901"/>
</test>
<test id="s1-s1-s1-t2" name="TC_API_006 - Login com credenciais invalidas deve retornar status 401" line="36">
<kw name="Fazer Login" owner="auth_service">
<kw name="Criar Sessao da API" owner="base_api">
<kw name="Create Session" owner="RequestsLibrary">
<msg time="2025-10-27T15:25:26.069950" level="INFO">Creating Session using : alias=cinema_api, url=http://localhost:3000/api/v1, headers={},                     cookies={}, auth=None, timeout=None, proxies=None, verify=False,                     debug=0 </msg>
<arg>cinema_api</arg>
<arg>${BASE_URL}</arg>
<arg>verify=False</arg>
<doc>Create Session: create a HTTP session to a server</doc>
<status status="PASS" start="2025-10-27T15:25:26.069629" elapsed="0.000561"/>
</kw>
<doc>Cria uma sessão HTTP para a API</doc>
<status status="PASS" start="2025-10-27T15:25:26.069221" elapsed="0.001073"/>
</kw>
<kw name="Create Dictionary" owner="BuiltIn">
<msg time="2025-10-27T15:25:26.071183" level="INFO">${credentials} = {'email': 'admin@example.com', 'password': 'senha_errada_123'}</msg>
<var>${credentials}</var>
<arg>email=${email}</arg>
<arg>password=${password}</arg>
<doc>Creates and returns a dictionary based on the given ``items``.</doc>
<status status="PASS" start="2025-10-27T15:25:26.070593" elapsed="0.000675"/>
</kw>
<kw name="Criar Headers Padrao" owner="base_api">
<kw name="Create Dictionary" owner="BuiltIn">
<msg time="2025-10-27T15:25:26.072472" level="INFO">${headers} = {'Content-Type': 'application/json'}</msg>
<var>${headers}</var>
<arg>Content-Type=${CONTENT_TYPE}</arg>
<doc>Creates and returns a dictionary based on the given ``items``.</doc>
<status status="PASS" start="2025-10-27T15:25:26.072081" elapsed="0.000441"/>
</kw>
<return>
<value>${headers}</value>
<status status="PASS" start="2025-10-27T15:25:26.072630" elapsed="0.000061"/>
</return>
<msg time="2025-10-27T15:25:26.072896" level="INFO">${headers} = {'Content-Type': 'application/json'}</msg>
<var>${headers}</var>
<doc>Cria headers padrão para requisições</doc>
<status status="PASS" start="2025-10-27T15:25:26.071583" elapsed="0.001344"/>
</kw>
<kw name="Log Request Details" owner="base_api">
<kw name="Log" owner="BuiltIn">
<msg time="2025-10-27T15:25:26.073779" level="INFO">🔵 REQUEST: POST /auth/login</msg>
<arg>🔵 REQUEST: ${method} ${endpoint}</arg>
<arg>console=True</arg>
<doc>Logs the given message with the given level.</doc>
<status status="PASS" start="2025-10-27T15:25:26.073544" elapsed="0.000604"/>
</kw>
<kw name="Run Keyword If" owner="BuiltIn">
<kw name="Log" owner="BuiltIn">
<msg time="2025-10-27T15:25:26.074788" level="INFO">Body: {'email': 'admin@example.com', 'password': 'senha_errada_123'}</msg>
<arg>Body: ${body}</arg>
<arg>console=True</arg>
<doc>Logs the given message with the given level.</doc>
<status status="PASS" start="2025-10-27T15:25:26.074605" elapsed="0.000509"/>
</kw>
<arg>${body} is not ${NONE}</arg>
<arg>Log</arg>
<arg>Body: ${body}</arg>
<arg>console=True</arg>
<doc>Runs the given keyword with the given arguments, if ``condition`` is true.</doc>
<status status="PASS" start="2025-10-27T15:25:26.074293" elapsed="0.000951"/>
</kw>
<arg>POST</arg>
<arg>${AUTH_LOGIN}</arg>
<arg>${credentials}</arg>
<doc>Loga detalhes da requisição para debug</doc>
<status status="PASS" start="2025-10-27T15:25:26.073101" elapsed="0.002223"/>
</kw>
<kw name="POST On Session" owner="RequestsLibrary">
<msg time="2025-10-27T15:25:26.478294" level="INFO">POST Request : url=http://localhost:3000/api/v1/auth/login 
 path_url=/api/v1/auth/login 
 headers={'User-Agent': 'python-requests/2.32.5', 'Accept-Encoding': 'gzip, deflate', 'Accept': '*/*', 'Connection': 'keep-alive', 'Content-Type': 'application/json', 'Content-Length': '62'} 
 body=b'{"email": "admin@example.com", "password": "senha_errada_123"}' 
 </msg>
<msg time="2025-10-27T15:25:26.478447" level="INFO">POST Response : url=http://localhost:3000/api/v1/auth/login 
 status=401, reason=Unauthorized 
 headers={'X-Powered-By': 'Express', 'Access-Control-Allow-Origin': '*', 'Content-Type': 'application/json; charset=utf-8', 'Content-Length': '55', 'ETag': 'W/"37-5uDpJTljPBecOPs/j7OXFdPRcmQ"', 'Date': 'Mon, 27 Oct 2025 18:25:26 GMT', 'Connection': 'keep-alive', 'Keep-Alive': 'timeout=5'} 
 body={"success":false,"message":"Invalid email or password"} 
 </msg>
<msg time="2025-10-27T15:25:26.478659" level="INFO">${response} = &lt;Response [401]&gt;</msg>
<var>${response}</var>
<arg>cinema_api</arg>
<arg>${AUTH_LOGIN}</arg>
<arg>json=${credentials}</arg>
<arg>headers=${headers}</arg>
<arg>expected_status=any</arg>
<doc>Sends a POST request on a previously created HTTP Session.</doc>
<status status="PASS" start="2025-10-27T15:25:26.075484" elapsed="0.403226"/>
</kw>
<kw name="Log Response Details" owner="base_api">
<kw name="Log" owner="BuiltIn">
<msg time="2025-10-27T15:25:26.480118" level="INFO">RESPONSE: Status 401</msg>
<arg>RESPONSE: Status ${response.status_code}</arg>
<arg>console=True</arg>
<doc>Logs the given message with the given level.</doc>
<status status="PASS" start="2025-10-27T15:25:26.479420" elapsed="0.001129"/>
</kw>
<kw name="Log" owner="BuiltIn">
<msg time="2025-10-27T15:25:26.481880" level="INFO">Body: {"success":false,"message":"Invalid email or password"}</msg>
<arg>Body: ${response.text}</arg>
<arg>console=True</arg>
<doc>Logs the given message with the given level.</doc>
<status status="PASS" start="2025-10-27T15:25:26.480860" elapsed="0.001348"/>
</kw>
<arg>${response}</arg>
<doc>Loga detalhes da resposta para debug</doc>
<status status="PASS" start="2025-10-27T15:25:26.479002" elapsed="0.003352"/>
</kw>
<return>
<value>${response}</value>
<status status="PASS" start="2025-10-27T15:25:26.482547" elapsed="0.000072"/>
</return>
<msg time="2025-10-27T15:25:26.482882" level="INFO">${response} = &lt;Response [401]&gt;</msg>
<var>${response}</var>
<arg>${ADMIN_EMAIL}</arg>
<arg>senha_errada_123</arg>
<doc>Realiza login e retorna a resposta completa</doc>
<status status="PASS" start="2025-10-27T15:25:26.068682" elapsed="0.414251"/>
</kw>
<kw name="Validar Status Code" owner="base_api">
<kw name="Should Be Equal As Strings" owner="BuiltIn">
<msg time="2025-10-27T15:25:26.485332" level="INFO">Argument types are:
&lt;class 'int'&gt;
&lt;class 'str'&gt;</msg>
<arg>${response.status_code}</arg>
<arg>${expected_status}</arg>
<arg>msg=Status code esperado: ${expected_status}, recebido: ${response.status_code}</arg>
<doc>Fails if objects are unequal after converting them to strings.</doc>
<status status="PASS" start="2025-10-27T15:25:26.483868" elapsed="0.001574"/>
</kw>
<arg>${response}</arg>
<arg>401</arg>
<doc>Valida o status code da resposta</doc>
<status status="PASS" start="2025-10-27T15:25:26.483364" elapsed="0.002218"/>
</kw>
<kw name="Set Variable" owner="BuiltIn">
<msg time="2025-10-27T15:25:26.486968" level="INFO">${response_json} = {'success': False, 'message': 'Invalid email or password'}</msg>
<var>${response_json}</var>
<arg>${response.json()}</arg>
<doc>Returns the given values which can then be assigned to a variables.</doc>
<status status="PASS" start="2025-10-27T15:25:26.486019" elapsed="0.001004"/>
</kw>
<kw name="Validar Mensagem de Erro" owner="base_api">
<kw name="Get From Dictionary" owner="Collections">
<msg time="2025-10-27T15:25:26.488637" level="INFO">${message} = Invalid email or password</msg>
<var>${message}</var>
<arg>${response_json}</arg>
<arg>message</arg>
<doc>Returns a value from the given ``dictionary`` based on the given ``key``.</doc>
<status status="PASS" start="2025-10-27T15:25:26.488286" elapsed="0.000415"/>
</kw>
<kw name="Should Contain" owner="BuiltIn">
<arg>${message}</arg>
<arg>${expected_message}</arg>
<arg>ignore_case=True</arg>
<arg>msg=Mensagem esperada '${expected_message}' não encontrada. Recebida: ${message}</arg>
<doc>Fails if ``container`` does not contain ``item`` one or more times.</doc>
<status status="PASS" start="2025-10-27T15:25:26.488914" elapsed="0.000636"/>
</kw>
<arg>${response_json}</arg>
<arg>Invalid</arg>
<doc>Valida que a resposta contém uma mensagem de erro esperada</doc>
<status status="PASS" start="2025-10-27T15:25:26.487613" elapsed="0.002145"/>
</kw>
<doc>Valida que login com senha incorreta é rejeitado</doc>
<tag>api</tag>
<tag>auth</tag>
<tag>login</tag>
<tag>p0</tag>
<tag>security</tag>
<status status="PASS" start="2025-10-27T15:25:26.067474" elapsed="0.422891"/>
</test>
<test id="s1-s1-s1-t3" name="TC_API_006B - Login com email inexistente deve retornar status 401" line="48">
<kw name="Fazer Login" owner="auth_service">
<kw name="Criar Sessao da API" owner="base_api">
<kw name="Create Session" owner="RequestsLibrary">
<msg time="2025-10-27T15:25:26.494493" level="INFO">Creating Session using : alias=cinema_api, url=http://localhost:3000/api/v1, headers={},                     cookies={}, auth=None, timeout=None, proxies=None, verify=False,                     debug=0 </msg>
<arg>cinema_api</arg>
<arg>${BASE_URL}</arg>
<arg>verify=False</arg>
<doc>Create Session: create a HTTP session to a server</doc>
<status status="PASS" start="2025-10-27T15:25:26.494217" elapsed="0.000549"/>
</kw>
<doc>Cria uma sessão HTTP para a API</doc>
<status status="PASS" start="2025-10-27T15:25:26.493835" elapsed="0.001054"/>
</kw>
<kw name="Create Dictionary" owner="BuiltIn">
<msg time="2025-10-27T15:25:26.495566" level="INFO">${credentials} = {'email': 'email_nao_existe@cinema.com', 'password': 'admin123'}</msg>
<var>${credentials}</var>
<arg>email=${email}</arg>
<arg>password=${password}</arg>
<doc>Creates and returns a dictionary based on the given ``items``.</doc>
<status status="PASS" start="2025-10-27T15:25:26.495100" elapsed="0.000515"/>
</kw>
<kw name="Criar Headers Padrao" owner="base_api">
<kw name="Create Dictionary" owner="BuiltIn">
<msg time="2025-10-27T15:25:26.496675" level="INFO">${headers} = {'Content-Type': 'application/json'}</msg>
<var>${headers}</var>
<arg>Content-Type=${CONTENT_TYPE}</arg>
<doc>Creates and returns a dictionary based on the given ``items``.</doc>
<status status="PASS" start="2025-10-27T15:25:26.496273" elapsed="0.000463"/>
</kw>
<return>
<value>${headers}</value>
<status status="PASS" start="2025-10-27T15:25:26.496848" elapsed="0.000091"/>
</return>
<msg time="2025-10-27T15:25:26.497287" level="INFO">${headers} = {'Content-Type': 'application/json'}</msg>
<var>${headers}</var>
<doc>Cria headers padrão para requisições</doc>
<status status="PASS" start="2025-10-27T15:25:26.495896" elapsed="0.001439"/>
</kw>
<kw name="Log Request Details" owner="base_api">
<kw name="Log" owner="BuiltIn">
<msg time="2025-10-27T15:25:26.499147" level="INFO">🔵 REQUEST: POST /auth/login</msg>
<arg>🔵 REQUEST: ${method} ${endpoint}</arg>
<arg>console=True</arg>
<doc>Logs the given message with the given level.</doc>
<status status="PASS" start="2025-10-27T15:25:26.498591" elapsed="0.001053"/>
</kw>
<kw name="Run Keyword If" owner="BuiltIn">
<kw name="Log" owner="BuiltIn">
<msg time="2025-10-27T15:25:26.500876" level="INFO">Body: {'email': 'email_nao_existe@cinema.com', 'password': 'admin123'}</msg>
<arg>Body: ${body}</arg>
<arg>console=True</arg>
<doc>Logs the given message with the given level.</doc>
<status status="PASS" start="2025-10-27T15:25:26.500538" elapsed="0.000649"/>
</kw>
<arg>${body} is not ${NONE}</arg>
<arg>Log</arg>
<arg>Body: ${body}</arg>
<arg>console=True</arg>
<doc>Runs the given keyword with the given arguments, if ``condition`` is true.</doc>
<status status="PASS" start="2025-10-27T15:25:26.499957" elapsed="0.001391"/>
</kw>
<arg>POST</arg>
<arg>${AUTH_LOGIN}</arg>
<arg>${credentials}</arg>
<doc>Loga detalhes da requisição para debug</doc>
<status status="PASS" start="2025-10-27T15:25:26.497622" elapsed="0.003881"/>
</kw>
<kw name="POST On Session" owner="RequestsLibrary">
<msg time="2025-10-27T15:25:26.571423" level="INFO">POST Request : url=http://localhost:3000/api/v1/auth/login 
 path_url=/api/v1/auth/login 
 headers={'User-Agent': 'python-requests/2.32.5', 'Accept-Encoding': 'gzip, deflate', 'Accept': '*/*', 'Connection': 'keep-alive', 'Content-Type': 'application/json', 'Content-Length': '64'} 
 body=b'{"email": "email_nao_existe@cinema.com", "password": "admin123"}' 
 </msg>
<msg time="2025-10-27T15:25:26.571504" level="INFO">POST Response : url=http://localhost:3000/api/v1/auth/login 
 status=401, reason=Unauthorized 
 headers={'X-Powered-By': 'Express', 'Access-Control-Allow-Origin': '*', 'Content-Type': 'application/json; charset=utf-8', 'Content-Length': '55', 'ETag': 'W/"37-5uDpJTljPBecOPs/j7OXFdPRcmQ"', 'Date': 'Mon, 27 Oct 2025 18:25:26 GMT', 'Connection': 'keep-alive', 'Keep-Alive': 'timeout=5'} 
 body={"success":false,"message":"Invalid email or password"} 
 </msg>
<msg time="2025-10-27T15:25:26.571617" level="INFO">${response} = &lt;Response [401]&gt;</msg>
<var>${response}</var>
<arg>cinema_api</arg>
<arg>${AUTH_LOGIN}</arg>
<arg>json=${credentials}</arg>
<arg>headers=${headers}</arg>
<arg>expected_status=any</arg>
<doc>Sends a POST request on a previously created HTTP Session.</doc>
<status status="PASS" start="2025-10-27T15:25:26.501797" elapsed="0.069845"/>
</kw>
<kw name="Log Response Details" owner="base_api">
<kw name="Log" owner="BuiltIn">
<msg time="2025-10-27T15:25:26.572779" level="INFO">RESPONSE: Status 401</msg>
<arg>RESPONSE: Status ${response.status_code}</arg>
<arg>console=True</arg>
<doc>Logs the given message with the given level.</doc>
<status status="PASS" start="2025-10-27T15:25:26.572250" elapsed="0.000913"/>
</kw>
<kw name="Log" owner="BuiltIn">
<msg time="2025-10-27T15:25:26.574356" level="INFO">Body: {"success":false,"message":"Invalid email or password"}</msg>
<arg>Body: ${response.text}</arg>
<arg>console=True</arg>
<doc>Logs the given message with the given level.</doc>
<status status="PASS" start="2025-10-27T15:25:26.573535" elapsed="0.001253"/>
</kw>
<arg>${response}</arg>
<doc>Loga detalhes da resposta para debug</doc>
<status status="PASS" start="2025-10-27T15:25:26.571905" elapsed="0.002954"/>
</kw>
<return>
<value>${response}</value>
<status status="PASS" start="2025-10-27T15:25:26.574901" elapsed="0.000035"/>
</return>
<msg time="2025-10-27T15:25:26.575062" level="INFO">${response} = &lt;Response [401]&gt;</msg>
<var>${response}</var>
<arg>email_nao_existe@cinema.com</arg>
<arg>${ADMIN_PASSWORD}</arg>
<doc>Realiza login e retorna a resposta completa</doc>
<status status="PASS" start="2025-10-27T15:25:26.493258" elapsed="0.081828"/>
</kw>
<kw name="Validar Status Code" owner="base_api">
<kw name="Should Be Equal As Strings" owner="BuiltIn">
<msg time="2025-10-27T15:25:26.577169" level="INFO">Argument types are:
&lt;class 'int'&gt;
&lt;class 'str'&gt;</msg>
<arg>${response.status_code}</arg>
<arg>${expected_status}</arg>
<arg>msg=Status code esperado: ${expected_status}, recebido: ${response.status_code}</arg>
<doc>Fails if objects are unequal after converting them to strings.</doc>
<status status="PASS" start="2025-10-27T15:25:26.576020" elapsed="0.001237"/>
</kw>
<arg>${response}</arg>
<arg>401</arg>
<doc>Valida o status code da resposta</doc>
<status status="PASS" start="2025-10-27T15:25:26.575627" elapsed="0.001735"/>
</kw>
<doc>Valida que login com e-mail não cadastrado é rejeitado</doc>
<tag>api</tag>
<tag>auth</tag>
<tag>login</tag>
<tag>p1</tag>
<tag>security</tag>
<status status="PASS" start="2025-10-27T15:25:26.491665" elapsed="0.086090"/>
</test>
<test id="s1-s1-s1-t4" name="TC_API_006C - Login de usuario comum deve funcionar corretamente" line="58">
<kw name="Fazer Login" owner="auth_service">
<kw name="Criar Sessao da API" owner="base_api">
<kw name="Create Session" owner="RequestsLibrary">
<msg time="2025-10-27T15:25:26.581904" level="INFO">Creating Session using : alias=cinema_api, url=http://localhost:3000/api/v1, headers={},                     cookies={}, auth=None, timeout=None, proxies=None, verify=False,                     debug=0 </msg>
<arg>cinema_api</arg>
<arg>${BASE_URL}</arg>
<arg>verify=False</arg>
<doc>Create Session: create a HTTP session to a server</doc>
<status status="PASS" start="2025-10-27T15:25:26.581558" elapsed="0.000646"/>
</kw>
<doc>Cria uma sessão HTTP para a API</doc>
<status status="PASS" start="2025-10-27T15:25:26.581136" elapsed="0.001207"/>
</kw>
<kw name="Create Dictionary" owner="BuiltIn">
<msg time="2025-10-27T15:25:26.583105" level="INFO">${credentials} = {'email': 'test@example.com', 'password': 'password123'}</msg>
<var>${credentials}</var>
<arg>email=${email}</arg>
<arg>password=${password}</arg>
<doc>Creates and returns a dictionary based on the given ``items``.</doc>
<status status="PASS" start="2025-10-27T15:25:26.582561" elapsed="0.000601"/>
</kw>
<kw name="Criar Headers Padrao" owner="base_api">
<kw name="Create Dictionary" owner="BuiltIn">
<msg time="2025-10-27T15:25:26.584238" level="INFO">${headers} = {'Content-Type': 'application/json'}</msg>
<var>${headers}</var>
<arg>Content-Type=${CONTENT_TYPE}</arg>
<doc>Creates and returns a dictionary based on the given ``items``.</doc>
<status status="PASS" start="2025-10-27T15:25:26.583869" elapsed="0.000418"/>
</kw>
<return>
<value>${headers}</value>
<status status="PASS" start="2025-10-27T15:25:26.584377" elapsed="0.000060"/>
</return>
<msg time="2025-10-27T15:25:26.584674" level="INFO">${headers} = {'Content-Type': 'application/json'}</msg>
<var>${headers}</var>
<doc>Cria headers padrão para requisições</doc>
<status status="PASS" start="2025-10-27T15:25:26.583448" elapsed="0.001271"/>
</kw>
<kw name="Log Request Details" owner="base_api">
<kw name="Log" owner="BuiltIn">
<msg time="2025-10-27T15:25:26.585812" level="INFO">🔵 REQUEST: POST /auth/login</msg>
<arg>🔵 REQUEST: ${method} ${endpoint}</arg>
<arg>console=True</arg>
<doc>Logs the given message with the given level.</doc>
<status status="PASS" start="2025-10-27T15:25:26.585507" elapsed="0.000737"/>
</kw>
<kw name="Run Keyword If" owner="BuiltIn">
<kw name="Log" owner="BuiltIn">
<msg time="2025-10-27T15:25:26.587416" level="INFO">Body: {'email': 'test@example.com', 'password': 'password123'}</msg>
<arg>Body: ${body}</arg>
<arg>console=True</arg>
<doc>Logs the given message with the given level.</doc>
<status status="PASS" start="2025-10-27T15:25:26.587095" elapsed="0.000681"/>
</kw>
<arg>${body} is not ${NONE}</arg>
<arg>Log</arg>
<arg>Body: ${body}</arg>
<arg>console=True</arg>
<doc>Runs the given keyword with the given arguments, if ``condition`` is true.</doc>
<status status="PASS" start="2025-10-27T15:25:26.586535" elapsed="0.001401"/>
</kw>
<arg>POST</arg>
<arg>${AUTH_LOGIN}</arg>
<arg>${credentials}</arg>
<doc>Loga detalhes da requisição para debug</doc>
<status status="PASS" start="2025-10-27T15:25:26.584937" elapsed="0.003114"/>
</kw>
<kw name="POST On Session" owner="RequestsLibrary">
<msg time="2025-10-27T15:25:27.009449" level="INFO">POST Request : url=http://localhost:3000/api/v1/auth/login 
 path_url=/api/v1/auth/login 
 headers={'User-Agent': 'python-requests/2.32.5', 'Accept-Encoding': 'gzip, deflate', 'Accept': '*/*', 'Connection': 'keep-alive', 'Content-Type': 'application/json', 'Content-Length': '56'} 
 body=b'{"email": "test@example.com", "password": "password123"}' 
 </msg>
<msg time="2025-10-27T15:25:27.009606" level="INFO">POST Response : url=http://localhost:3000/api/v1/auth/login 
 status=200, reason=OK 
 headers={'X-Powered-By': 'Express', 'Access-Control-Allow-Origin': '*', 'Content-Type': 'application/json; charset=utf-8', 'Content-Length': '300', 'ETag': 'W/"12c-TzmVLwIzUbVYnU/+ILuWx1bqc+8"', 'Date': 'Mon, 27 Oct 2025 18:25:27 GMT', 'Connection': 'keep-alive', 'Keep-Alive': 'timeout=5'} 
 body={"success":true,"data":{"_id":"68ffb0427bf4d6d38c1b8c40","name":"Test User","email":"test@example.com","role":"user","token":"eyJhbGciOiJIUzI1NiIsInR5cCI6IkpXVCJ9.eyJpZCI6IjY4ZmZiMDQyN2JmNGQ2ZDM4YzFiOGM0MCIsImlhdCI6MTc2MTU4OTUyNywiZXhwIjoxNzY1NDc3NTI3fQ.F-4OnlF9lzkCmh6TTWP8Q8Fc47AmmKRN9Pj36mqJPDs"}} 
 </msg>
<msg time="2025-10-27T15:25:27.009853" level="INFO">${response} = &lt;Response [200]&gt;</msg>
<var>${response}</var>
<arg>cinema_api</arg>
<arg>${AUTH_LOGIN}</arg>
<arg>json=${credentials}</arg>
<arg>headers=${headers}</arg>
<arg>expected_status=any</arg>
<doc>Sends a POST request on a previously created HTTP Session.</doc>
<status status="PASS" start="2025-10-27T15:25:26.588263" elapsed="0.421642"/>
</kw>
<kw name="Log Response Details" owner="base_api">
<kw name="Log" owner="BuiltIn">
<msg time="2025-10-27T15:25:27.011705" level="INFO">RESPONSE: Status 200</msg>
<arg>RESPONSE: Status ${response.status_code}</arg>
<arg>console=True</arg>
<doc>Logs the given message with the given level.</doc>
<status status="PASS" start="2025-10-27T15:25:27.010900" elapsed="0.001089"/>
</kw>
<kw name="Log" owner="BuiltIn">
<msg time="2025-10-27T15:25:27.013386" level="INFO">Body: {"success":true,"data":{"_id":"68ffb0427bf4d6d38c1b8c40","name":"Test User","email":"test@example.com","role":"user","token":"eyJhbGciOiJIUzI1NiIsInR5cCI6IkpXVCJ9.eyJpZCI6IjY4ZmZiMDQyN2JmNGQ2ZDM4YzFiOGM0MCIsImlhdCI6MTc2MTU4OTUyNywiZXhwIjoxNzY1NDc3NTI3fQ.F-4OnlF9lzkCmh6TTWP8Q8Fc47AmmKRN9Pj36mqJPDs"}}</msg>
<arg>Body: ${response.text}</arg>
<arg>console=True</arg>
<doc>Logs the given message with the given level.</doc>
<status status="PASS" start="2025-10-27T15:25:27.012278" elapsed="0.001559"/>
</kw>
<arg>${response}</arg>
<doc>Loga detalhes da resposta para debug</doc>
<status status="PASS" start="2025-10-27T15:25:27.010247" elapsed="0.003742"/>
</kw>
<return>
<value>${response}</value>
<status status="PASS" start="2025-10-27T15:25:27.014086" elapsed="0.000077"/>
</return>
<msg time="2025-10-27T15:25:27.014453" level="INFO">${response} = &lt;Response [200]&gt;</msg>
<var>${response}</var>
<arg>${USER_EMAIL}</arg>
<arg>${USER_PASSWORD}</arg>
<doc>Realiza login e retorna a resposta completa</doc>
<status status="PASS" start="2025-10-27T15:25:26.579618" elapsed="0.435014"/>
</kw>
<kw name="Validar Status Code" owner="base_api">
<kw name="Should Be Equal As Strings" owner="BuiltIn">
<msg time="2025-10-27T15:25:27.017623" level="INFO">Argument types are:
&lt;class 'int'&gt;
&lt;class 'str'&gt;</msg>
<arg>${response.status_code}</arg>
<arg>${expected_status}</arg>
<arg>msg=Status code esperado: ${expected_status}, recebido: ${response.status_code}</arg>
<doc>Fails if objects are unequal after converting them to strings.</doc>
<status status="PASS" start="2025-10-27T15:25:27.016014" elapsed="0.001691"/>
</kw>
<arg>${response}</arg>
<arg>200</arg>
<doc>Valida o status code da resposta</doc>
<status status="PASS" start="2025-10-27T15:25:27.015354" elapsed="0.002443"/>
</kw>
<kw name="Set Variable" owner="BuiltIn">
<msg time="2025-10-27T15:25:27.018785" level="INFO">${response_json} = {'success': True, 'data': {'_id': '68ffb0427bf4d6d38c1b8c40', 'name': 'Test User', 'email': 'test@example.com', 'role': 'user', 'token': 'eyJhbGciOiJIUzI1NiIsInR5cCI6IkpXVCJ9.eyJpZCI6IjY4ZmZiMDQyN2JmN...</msg>
<var>${response_json}</var>
<arg>${response.json()}</arg>
<doc>Returns the given values which can then be assigned to a variables.</doc>
<status status="PASS" start="2025-10-27T15:25:27.018222" elapsed="0.000620"/>
</kw>
<kw name="Validar Campo Existe" owner="base_api">
<kw name="Dictionary Should Contain Key" owner="Collections">
<arg>${response_json}</arg>
<arg>${field}</arg>
<arg>msg=Campo '${field}' não encontrado na resposta</arg>
<doc>Fails if ``key`` is not found from ``dictionary``.</doc>
<status status="PASS" start="2025-10-27T15:25:27.019847" elapsed="0.000424"/>
</kw>
<arg>${response_json}</arg>
<arg>data</arg>
<doc>Valida que um campo existe no JSON de resposta</doc>
<status status="PASS" start="2025-10-27T15:25:27.019258" elapsed="0.001132"/>
</kw>
<kw name="Get From Dictionary" owner="Collections">
<msg time="2025-10-27T15:25:27.021046" level="INFO">${data} = {'_id': '68ffb0427bf4d6d38c1b8c40', 'name': 'Test User', 'email': 'test@example.com', 'role': 'user', 'token': 'eyJhbGciOiJIUzI1NiIsInR5cCI6IkpXVCJ9.eyJpZCI6IjY4ZmZiMDQyN2JmNGQ2ZDM4YzFiOGM0MCIsImlhdCI...</msg>
<var>${data}</var>
<arg>${response_json}</arg>
<arg>data</arg>
<doc>Returns a value from the given ``dictionary`` based on the given ``key``.</doc>
<status status="PASS" start="2025-10-27T15:25:27.020730" elapsed="0.000359"/>
</kw>
<kw name="Validar Campo Nao Vazio" owner="base_api">
<kw name="Validar Campo Existe" owner="base_api">
<kw name="Dictionary Should Contain Key" owner="Collections">
<arg>${response_json}</arg>
<arg>${field}</arg>
<arg>msg=Campo '${field}' não encontrado na resposta</arg>
<doc>Fails if ``key`` is not found from ``dictionary``.</doc>
<status status="PASS" start="2025-10-27T15:25:27.022496" elapsed="0.000311"/>
</kw>
<arg>${response_json}</arg>
<arg>${field}</arg>
<doc>Valida que um campo existe no JSON de resposta</doc>
<status status="PASS" start="2025-10-27T15:25:27.022141" elapsed="0.000768"/>
</kw>
<kw name="Get From Dictionary" owner="Collections">
<msg time="2025-10-27T15:25:27.023298" level="INFO">${value} = eyJhbGciOiJIUzI1NiIsInR5cCI6IkpXVCJ9.eyJpZCI6IjY4ZmZiMDQyN2JmNGQ2ZDM4YzFiOGM0MCIsImlhdCI6MTc2MTU4OTUyNywiZXhwIjoxNzY1NDc3NTI3fQ.F-4OnlF9lzkCmh6TTWP8Q8Fc47AmmKRN9Pj36mqJPDs</msg>
<var>${value}</var>
<arg>${response_json}</arg>
<arg>${field}</arg>
<doc>Returns a value from the given ``dictionary`` based on the given ``key``.</doc>
<status status="PASS" start="2025-10-27T15:25:27.023065" elapsed="0.000272"/>
</kw>
<kw name="Should Not Be Empty" owner="BuiltIn">
<msg time="2025-10-27T15:25:27.023704" level="INFO">Length is 171.</msg>
<arg>${value}</arg>
<arg>msg=Campo '${field}' está vazio</arg>
<doc>Verifies that the given item is not empty.</doc>
<status status="PASS" start="2025-10-27T15:25:27.023466" elapsed="0.000294"/>
</kw>
<arg>${data}</arg>
<arg>token</arg>
<doc>Valida que um campo existe e não está vazio</doc>
<status status="PASS" start="2025-10-27T15:25:27.021670" elapsed="0.002163"/>
</kw>
<kw name="Should Be Equal" owner="BuiltIn">
<arg>${data['email']}</arg>
<arg>${USER_EMAIL}</arg>
<doc>Fails if the given objects are unequal.</doc>
<status status="PASS" start="2025-10-27T15:25:27.024387" elapsed="0.000958"/>
</kw>
<doc>Valida que usuários não-admin também conseguem fazer login</doc>
<tag>api</tag>
<tag>auth</tag>
<tag>login</tag>
<tag>p0</tag>
<tag>smoke</tag>
<status status="PASS" start="2025-10-27T15:25:26.578627" elapsed="0.447210"/>
</test>
<kw name="Log" owner="BuiltIn" type="TEARDOWN">
<msg time="2025-10-27T15:25:27.028212" level="INFO">Testes de Login finalizados</msg>
<arg>Testes de Login finalizados</arg>
<arg>console=True</arg>
<doc>Logs the given message with the given level.</doc>
<status status="PASS" start="2025-10-27T15:25:27.027996" elapsed="0.000679"/>
</kw>
<doc>Testes de login de usuários na API após liberação do jwt</doc>
<status status="PASS" start="2025-10-27T15:25:24.550438" elapsed="2.478333"/>
</suite>
<suite id="s1-s1-s2" name="Profile" source="C:\Users\kauar\OneDrive\Área de Trabalho\challenge-final\cinema-app-automation\tests\api\auth\profile.robot">
<test id="s1-s1-s2-t1" name="TC_API_007 - Obter perfil de usuario autenticado deve retornar status 200" line="9">
<kw name="Login Como Admin" owner="auth_service">
<kw name="Fazer Login" owner="auth_service">
<kw name="Criar Sessao da API" owner="base_api">
<kw name="Create Session" owner="RequestsLibrary">
<msg time="2025-10-27T15:25:27.042086" level="INFO">Creating Session using : alias=cinema_api, url=http://localhost:3000/api/v1, headers={},                     cookies={}, auth=None, timeout=None, proxies=None, verify=False,                     debug=0 </msg>
<arg>cinema_api</arg>
<arg>${BASE_URL}</arg>
<arg>verify=False</arg>
<doc>Create Session: create a HTTP session to a server</doc>
<status status="PASS" start="2025-10-27T15:25:27.041795" elapsed="0.000526"/>
</kw>
<doc>Cria uma sessão HTTP para a API</doc>
<status status="PASS" start="2025-10-27T15:25:27.041493" elapsed="0.000969"/>
</kw>
<kw name="Create Dictionary" owner="BuiltIn">
<msg time="2025-10-27T15:25:27.043177" level="INFO">${credentials} = {'email': 'admin@example.com', 'password': 'admin123'}</msg>
<var>${credentials}</var>
<arg>email=${email}</arg>
<arg>password=${password}</arg>
<doc>Creates and returns a dictionary based on the given ``items``.</doc>
<status status="PASS" start="2025-10-27T15:25:27.042699" elapsed="0.000529"/>
</kw>
<kw name="Criar Headers Padrao" owner="base_api">
<kw name="Create Dictionary" owner="BuiltIn">
<msg time="2025-10-27T15:25:27.045015" level="INFO">${headers} = {'Content-Type': 'application/json'}</msg>
<var>${headers}</var>
<arg>Content-Type=${CONTENT_TYPE}</arg>
<doc>Creates and returns a dictionary based on the given ``items``.</doc>
<status status="PASS" start="2025-10-27T15:25:27.044260" elapsed="0.000831"/>
</kw>
<return>
<value>${headers}</value>
<status status="PASS" start="2025-10-27T15:25:27.045203" elapsed="0.000071"/>
</return>
<msg time="2025-10-27T15:25:27.045520" level="INFO">${headers} = {'Content-Type': 'application/json'}</msg>
<var>${headers}</var>
<doc>Cria headers padrão para requisições</doc>
<status status="PASS" start="2025-10-27T15:25:27.043501" elapsed="0.002073"/>
</kw>
<kw name="Log Request Details" owner="base_api">
<kw name="Log" owner="BuiltIn">
<msg time="2025-10-27T15:25:27.047593" level="INFO">🔵 REQUEST: POST /auth/login</msg>
<arg>🔵 REQUEST: ${method} ${endpoint}</arg>
<arg>console=True</arg>
<doc>Logs the given message with the given level.</doc>
<status status="PASS" start="2025-10-27T15:25:27.046715" elapsed="0.003168"/>
</kw>
<kw name="Run Keyword If" owner="BuiltIn">
<kw name="Log" owner="BuiltIn">
<msg time="2025-10-27T15:25:27.052306" level="INFO">Body: {'email': 'admin@example.com', 'password': 'admin123'}</msg>
<arg>Body: ${body}</arg>
<arg>console=True</arg>
<doc>Logs the given message with the given level.</doc>
<status status="PASS" start="2025-10-27T15:25:27.051850" elapsed="0.000932"/>
</kw>
<arg>${body} is not ${NONE}</arg>
<arg>Log</arg>
<arg>Body: ${body}</arg>
<arg>console=True</arg>
<doc>Runs the given keyword with the given arguments, if ``condition`` is true.</doc>
<status status="PASS" start="2025-10-27T15:25:27.050730" elapsed="0.002184"/>
</kw>
<arg>POST</arg>
<arg>${AUTH_LOGIN}</arg>
<arg>${credentials}</arg>
<doc>Loga detalhes da requisição para debug</doc>
<status status="PASS" start="2025-10-27T15:25:27.045909" elapsed="0.007258"/>
</kw>
<kw name="POST On Session" owner="RequestsLibrary">
<msg time="2025-10-27T15:25:27.445653" level="INFO">POST Request : url=http://localhost:3000/api/v1/auth/login 
 path_url=/api/v1/auth/login 
 headers={'User-Agent': 'python-requests/2.32.5', 'Accept-Encoding': 'gzip, deflate', 'Accept': '*/*', 'Connection': 'keep-alive', 'Content-Type': 'application/json', 'Content-Length': '54'} 
 body=b'{"email": "admin@example.com", "password": "admin123"}' 
 </msg>
<msg time="2025-10-27T15:25:27.445733" level="INFO">POST Response : url=http://localhost:3000/api/v1/auth/login 
 status=200, reason=OK 
 headers={'X-Powered-By': 'Express', 'Access-Control-Allow-Origin': '*', 'Content-Type': 'application/json; charset=utf-8', 'Content-Length': '302', 'ETag': 'W/"12e-GBFRx2Dxh1lKcPUKxvRUmIy9EMI"', 'Date': 'Mon, 27 Oct 2025 18:25:27 GMT', 'Connection': 'keep-alive', 'Keep-Alive': 'timeout=5'} 
 body={"success":true,"data":{"_id":"68ffb226b1f8a163bb0e359b","name":"Admin User","email":"admin@example.com","role":"user","token":"eyJhbGciOiJIUzI1NiIsInR5cCI6IkpXVCJ9.eyJpZCI6IjY4ZmZiMjI2YjFmOGExNjNiYjBlMzU5YiIsImlhdCI6MTc2MTU4OTUyNywiZXhwIjoxNzY1NDc3NTI3fQ.qrEg7Gr4PJiHK9QU4KoQslioJ6V0roR53JfghbRJJqY"}} 
 </msg>
<msg time="2025-10-27T15:25:27.445846" level="INFO">${response} = &lt;Response [200]&gt;</msg>
<var>${response}</var>
<arg>cinema_api</arg>
<arg>${AUTH_LOGIN}</arg>
<arg>json=${credentials}</arg>
<arg>headers=${headers}</arg>
<arg>expected_status=any</arg>
<doc>Sends a POST request on a previously created HTTP Session.</doc>
<status status="PASS" start="2025-10-27T15:25:27.053482" elapsed="0.392389"/>
</kw>
<kw name="Log Response Details" owner="base_api">
<kw name="Log" owner="BuiltIn">
<msg time="2025-10-27T15:25:27.446805" level="INFO">RESPONSE: Status 200</msg>
<arg>RESPONSE: Status ${response.status_code}</arg>
<arg>console=True</arg>
<doc>Logs the given message with the given level.</doc>
<status status="PASS" start="2025-10-27T15:25:27.446339" elapsed="0.000692"/>
</kw>
<kw name="Log" owner="BuiltIn">
<msg time="2025-10-27T15:25:27.447856" level="INFO">Body: {"success":true,"data":{"_id":"68ffb226b1f8a163bb0e359b","name":"Admin User","email":"admin@example.com","role":"user","token":"eyJhbGciOiJIUzI1NiIsInR5cCI6IkpXVCJ9.eyJpZCI6IjY4ZmZiMjI2YjFmOGExNjNiYjBlMzU5YiIsImlhdCI6MTc2MTU4OTUyNywiZXhwIjoxNzY1NDc3NTI3fQ.qrEg7Gr4PJiHK9QU4KoQslioJ6V0roR53JfghbRJJqY"}}</msg>
<arg>Body: ${response.text}</arg>
<arg>console=True</arg>
<doc>Logs the given message with the given level.</doc>
<status status="PASS" start="2025-10-27T15:25:27.447204" elapsed="0.000847"/>
</kw>
<arg>${response}</arg>
<doc>Loga detalhes da resposta para debug</doc>
<status status="PASS" start="2025-10-27T15:25:27.446059" elapsed="0.002080"/>
</kw>
<return>
<value>${response}</value>
<status status="PASS" start="2025-10-27T15:25:27.448190" elapsed="0.000037"/>
</return>
<msg time="2025-10-27T15:25:27.448356" level="INFO">${response} = &lt;Response [200]&gt;</msg>
<var>${response}</var>
<arg>${ADMIN_EMAIL}</arg>
<arg>${ADMIN_PASSWORD}</arg>
<doc>Realiza login e retorna a resposta completa</doc>
<status status="PASS" start="2025-10-27T15:25:27.041116" elapsed="0.407265"/>
</kw>
<kw name="Should Be Equal As Strings" owner="BuiltIn">
<msg time="2025-10-27T15:25:27.448913" level="INFO">Argument types are:
&lt;class 'int'&gt;
&lt;class 'str'&gt;</msg>
<arg>${response.status_code}</arg>
<arg>200</arg>
<doc>Fails if objects are unequal after converting them to strings.</doc>
<status status="PASS" start="2025-10-27T15:25:27.448493" elapsed="0.000469"/>
</kw>
<kw name="Set Variable" owner="BuiltIn">
<msg time="2025-10-27T15:25:27.449521" level="INFO">${response_json} = {'success': True, 'data': {'_id': '68ffb226b1f8a163bb0e359b', 'name': 'Admin User', 'email': 'admin@example.com', 'role': 'user', 'token': 'eyJhbGciOiJIUzI1NiIsInR5cCI6IkpXVCJ9.eyJpZCI6IjY4ZmZiMjI2YjF...</msg>
<var>${response_json}</var>
<arg>${response.json()}</arg>
<doc>Returns the given values which can then be assigned to a variables.</doc>
<status status="PASS" start="2025-10-27T15:25:27.449082" elapsed="0.000464"/>
</kw>
<kw name="Extrair Token Da Resposta" owner="base_api">
<kw name="Get From Dictionary" owner="Collections">
<msg time="2025-10-27T15:25:27.450096" level="INFO">${data} = {'_id': '68ffb226b1f8a163bb0e359b', 'name': 'Admin User', 'email': 'admin@example.com', 'role': 'user', 'token': 'eyJhbGciOiJIUzI1NiIsInR5cCI6IkpXVCJ9.eyJpZCI6IjY4ZmZiMjI2YjFmOGExNjNiYjBlMzU5YiIsImlhd...</msg>
<var>${data}</var>
<arg>${response_json}</arg>
<arg>data</arg>
<doc>Returns a value from the given ``dictionary`` based on the given ``key``.</doc>
<status status="PASS" start="2025-10-27T15:25:27.449954" elapsed="0.000167"/>
</kw>
<kw name="Get From Dictionary" owner="Collections">
<msg time="2025-10-27T15:25:27.450340" level="INFO">${token} = eyJhbGciOiJIUzI1NiIsInR5cCI6IkpXVCJ9.eyJpZCI6IjY4ZmZiMjI2YjFmOGExNjNiYjBlMzU5YiIsImlhdCI6MTc2MTU4OTUyNywiZXhwIjoxNzY1NDc3NTI3fQ.qrEg7Gr4PJiHK9QU4KoQslioJ6V0roR53JfghbRJJqY</msg>
<var>${token}</var>
<arg>${data}</arg>
<arg>token</arg>
<doc>Returns a value from the given ``dictionary`` based on the given ``key``.</doc>
<status status="PASS" start="2025-10-27T15:25:27.450208" elapsed="0.000153"/>
</kw>
<kw name="Should Not Be Empty" owner="BuiltIn">
<msg time="2025-10-27T15:25:27.450568" level="INFO">Length is 171.</msg>
<arg>${token}</arg>
<arg>msg=Token não encontrado na resposta</arg>
<doc>Verifies that the given item is not empty.</doc>
<status status="PASS" start="2025-10-27T15:25:27.450444" elapsed="0.000158"/>
</kw>
<return>
<value>${token}</value>
<status status="PASS" start="2025-10-27T15:25:27.450644" elapsed="0.000035"/>
</return>
<msg time="2025-10-27T15:25:27.450776" level="INFO">${token} = eyJhbGciOiJIUzI1NiIsInR5cCI6IkpXVCJ9.eyJpZCI6IjY4ZmZiMjI2YjFmOGExNjNiYjBlMzU5YiIsImlhdCI6MTc2MTU4OTUyNywiZXhwIjoxNzY1NDc3NTI3fQ.qrEg7Gr4PJiHK9QU4KoQslioJ6V0roR53JfghbRJJqY</msg>
<var>${token}</var>
<arg>${response_json}</arg>
<doc>Extrai o token JWT da resposta de login/registro</doc>
<status status="PASS" start="2025-10-27T15:25:27.449698" elapsed="0.001099"/>
</kw>
<return>
<value>${token}</value>
<status status="PASS" start="2025-10-27T15:25:27.450833" elapsed="0.000022"/>
</return>
<msg time="2025-10-27T15:25:27.450949" level="INFO">${token} = eyJhbGciOiJIUzI1NiIsInR5cCI6IkpXVCJ9.eyJpZCI6IjY4ZmZiMjI2YjFmOGExNjNiYjBlMzU5YiIsImlhdCI6MTc2MTU4OTUyNywiZXhwIjoxNzY1NDc3NTI3fQ.qrEg7Gr4PJiHK9QU4KoQslioJ6V0roR53JfghbRJJqY</msg>
<var>${token}</var>
<doc>Faz login com usuário admin e retorna o token</doc>
<status status="PASS" start="2025-10-27T15:25:27.040682" elapsed="0.410295"/>
</kw>
<kw name="Set Suite Variable" owner="BuiltIn">
<msg time="2025-10-27T15:25:27.451363" level="INFO">${ADMIN_TOKEN} = eyJhbGciOiJIUzI1NiIsInR5cCI6IkpXVCJ9.eyJpZCI6IjY4ZmZiMjI2YjFmOGExNjNiYjBlMzU5YiIsImlhdCI6MTc2MTU4OTUyNywiZXhwIjoxNzY1NDc3NTI3fQ.qrEg7Gr4PJiHK9QU4KoQslioJ6V0roR53JfghbRJJqY</msg>
<arg>${ADMIN_TOKEN}</arg>
<arg>${token}</arg>
<doc>Makes a variable available everywhere within the scope of the current suite.</doc>
<status status="PASS" start="2025-10-27T15:25:27.451201" elapsed="0.000197"/>
</kw>
<kw name="Obter Perfil do Usuario" owner="auth_service">
<kw name="Criar Sessao da API" owner="base_api">
<kw name="Create Session" owner="RequestsLibrary">
<msg time="2025-10-27T15:25:27.452301" level="INFO">Creating Session using : alias=cinema_api, url=http://localhost:3000/api/v1, headers={},                     cookies={}, auth=None, timeout=None, proxies=None, verify=False,                     debug=0 </msg>
<arg>cinema_api</arg>
<arg>${BASE_URL}</arg>
<arg>verify=False</arg>
<doc>Create Session: create a HTTP session to a server</doc>
<status status="PASS" start="2025-10-27T15:25:27.452164" elapsed="0.000340"/>
</kw>
<doc>Cria uma sessão HTTP para a API</doc>
<status status="PASS" start="2025-10-27T15:25:27.451974" elapsed="0.000587"/>
</kw>
<kw name="Criar Headers Com Token" owner="base_api">
<kw name="Create Dictionary" owner="BuiltIn">
<msg time="2025-10-27T15:25:27.453135" level="INFO">${headers} = {'Content-Type': 'application/json', 'Authorization': 'Bearer eyJhbGciOiJIUzI1NiIsInR5cCI6IkpXVCJ9.eyJpZCI6IjY4ZmZiMjI2YjFmOGExNjNiYjBlMzU5YiIsImlhdCI6MTc2MTU4OTUyNywiZXhwIjoxNzY1NDc3NTI3fQ.qrEg7Gr4PJ...</msg>
<var>${headers}</var>
<arg>Content-Type=${CONTENT_TYPE}</arg>
<arg>Authorization=Bearer ${token}</arg>
<doc>Creates and returns a dictionary based on the given ``items``.</doc>
<status status="PASS" start="2025-10-27T15:25:27.452902" elapsed="0.000257"/>
</kw>
<return>
<value>${headers}</value>
<status status="PASS" start="2025-10-27T15:25:27.453205" elapsed="0.000026"/>
</return>
<msg time="2025-10-27T15:25:27.453338" level="INFO">${headers} = {'Content-Type': 'application/json', 'Authorization': 'Bearer eyJhbGciOiJIUzI1NiIsInR5cCI6IkpXVCJ9.eyJpZCI6IjY4ZmZiMjI2YjFmOGExNjNiYjBlMzU5YiIsImlhdCI6MTc2MTU4OTUyNywiZXhwIjoxNzY1NDc3NTI3fQ.qrEg7Gr4PJ...</msg>
<var>${headers}</var>
<arg>${token}</arg>
<doc>Cria headers com token JWT de autenticação</doc>
<status status="PASS" start="2025-10-27T15:25:27.452685" elapsed="0.000674"/>
</kw>
<kw name="Log Request Details" owner="base_api">
<kw name="Log" owner="BuiltIn">
<msg time="2025-10-27T15:25:27.453888" level="INFO">🔵 REQUEST: GET /auth/me</msg>
<arg>🔵 REQUEST: ${method} ${endpoint}</arg>
<arg>console=True</arg>
<doc>Logs the given message with the given level.</doc>
<status status="PASS" start="2025-10-27T15:25:27.453734" elapsed="0.000298"/>
</kw>
<kw name="Run Keyword If" owner="BuiltIn">
<arg>${body} is not ${NONE}</arg>
<arg>Log</arg>
<arg>Body: ${body}</arg>
<arg>console=True</arg>
<doc>Runs the given keyword with the given arguments, if ``condition`` is true.</doc>
<status status="PASS" start="2025-10-27T15:25:27.454152" elapsed="0.000188"/>
</kw>
<arg>GET</arg>
<arg>${AUTH_ME}</arg>
<doc>Loga detalhes da requisição para debug</doc>
<status status="PASS" start="2025-10-27T15:25:27.453478" elapsed="0.000926"/>
</kw>
<kw name="GET On Session" owner="RequestsLibrary">
<msg time="2025-10-27T15:25:27.586261" level="INFO">GET Request : url=http://localhost:3000/api/v1/auth/me 
 path_url=/api/v1/auth/me 
 headers={'User-Agent': 'python-requests/2.32.5', 'Accept-Encoding': 'gzip, deflate', 'Accept': '*/*', 'Connection': 'keep-alive', 'Content-Type': 'application/json', 'Authorization': 'Bearer eyJhbGciOiJIUzI1NiIsInR5cCI6IkpXVCJ9.eyJpZCI6IjY4ZmZiMjI2YjFmOGExNjNiYjBlMzU5YiIsImlhdCI6MTc2MTU4OTUyNywiZXhwIjoxNzY1NDc3NTI3fQ.qrEg7Gr4PJiHK9QU4KoQslioJ6V0roR53JfghbRJJqY'} 
 body=None 
 </msg>
<msg time="2025-10-27T15:25:27.586425" level="INFO">GET Response : url=http://localhost:3000/api/v1/auth/me 
 status=200, reason=OK 
 headers={'X-Powered-By': 'Express', 'Access-Control-Allow-Origin': '*', 'Content-Type': 'application/json; charset=utf-8', 'Content-Length': '120', 'ETag': 'W/"78-75VHi/rdITLllhn1PVrQQnDUJ24"', 'Date': 'Mon, 27 Oct 2025 18:25:27 GMT', 'Connection': 'keep-alive', 'Keep-Alive': 'timeout=5'} 
 body={"success":true,"data":{"_id":"68ffb226b1f8a163bb0e359b","name":"Admin User","email":"admin@example.com","role":"user"}} 
 </msg>
<msg time="2025-10-27T15:25:27.586706" level="INFO">${response} = &lt;Response [200]&gt;</msg>
<var>${response}</var>
<arg>cinema_api</arg>
<arg>${AUTH_ME}</arg>
<arg>headers=${headers}</arg>
<arg>expected_status=any</arg>
<doc>Sends a GET request on a previously created HTTP Session.</doc>
<status status="PASS" start="2025-10-27T15:25:27.454497" elapsed="0.132266"/>
</kw>
<kw name="Log Response Details" owner="base_api">
<kw name="Log" owner="BuiltIn">
<msg time="2025-10-27T15:25:27.590435" level="INFO">RESPONSE: Status 200</msg>
<arg>RESPONSE: Status ${response.status_code}</arg>
<arg>console=True</arg>
<doc>Logs the given message with the given level.</doc>
<status status="PASS" start="2025-10-27T15:25:27.589265" elapsed="0.001791"/>
</kw>
<kw name="Log" owner="BuiltIn">
<msg time="2025-10-27T15:25:27.592414" level="INFO">Body: {"success":true,"data":{"_id":"68ffb226b1f8a163bb0e359b","name":"Admin User","email":"admin@example.com","role":"user"}}</msg>
<arg>Body: ${response.text}</arg>
<arg>console=True</arg>
<doc>Logs the given message with the given level.</doc>
<status status="PASS" start="2025-10-27T15:25:27.591358" elapsed="0.001618"/>
</kw>
<arg>${response}</arg>
<doc>Loga detalhes da resposta para debug</doc>
<status status="PASS" start="2025-10-27T15:25:27.587165" elapsed="0.005990"/>
</kw>
<return>
<value>${response}</value>
<status status="PASS" start="2025-10-27T15:25:27.593282" elapsed="0.000076"/>
</return>
<msg time="2025-10-27T15:25:27.593637" level="INFO">${response} = &lt;Response [200]&gt;</msg>
<var>${response}</var>
<arg>${token}</arg>
<doc>Obtém dados do perfil do usuário autenticado</doc>
<status status="PASS" start="2025-10-27T15:25:27.451698" elapsed="0.141996"/>
</kw>
<kw name="Validar Status Code" owner="base_api">
<kw name="Should Be Equal As Strings" owner="BuiltIn">
<msg time="2025-10-27T15:25:27.597196" level="INFO">Argument types are:
&lt;class 'int'&gt;
&lt;class 'str'&gt;</msg>
<arg>${response.status_code}</arg>
<arg>${expected_status}</arg>
<arg>msg=Status code esperado: ${expected_status}, recebido: ${response.status_code}</arg>
<doc>Fails if objects are unequal after converting them to strings.</doc>
<status status="PASS" start="2025-10-27T15:25:27.595067" elapsed="0.002289"/>
</kw>
<arg>${response}</arg>
<arg>200</arg>
<doc>Valida o status code da resposta</doc>
<status status="PASS" start="2025-10-27T15:25:27.594454" elapsed="0.003052"/>
</kw>
<kw name="Set Variable" owner="BuiltIn">
<msg time="2025-10-27T15:25:27.599328" level="INFO">${response_json} = {'success': True, 'data': {'_id': '68ffb226b1f8a163bb0e359b', 'name': 'Admin User', 'email': 'admin@example.com', 'role': 'user'}}</msg>
<var>${response_json}</var>
<arg>${response.json()}</arg>
<doc>Returns the given values which can then be assigned to a variables.</doc>
<status status="PASS" start="2025-10-27T15:25:27.598173" elapsed="0.001218"/>
</kw>
<kw name="Validar Campo Nao Vazio" owner="base_api">
<kw name="Validar Campo Existe" owner="base_api">
<kw name="Dictionary Should Contain Key" owner="Collections">
<msg time="2025-10-27T15:25:27.602025" level="FAIL">Campo '_id' não encontrado na resposta</msg>
<arg>${response_json}</arg>
<arg>${field}</arg>
<arg>msg=Campo '${field}' não encontrado na resposta</arg>
<doc>Fails if ``key`` is not found from ``dictionary``.</doc>
<status status="FAIL" start="2025-10-27T15:25:27.601399" elapsed="0.000921">Campo '_id' não encontrado na resposta</status>
</kw>
<arg>${response_json}</arg>
<arg>${field}</arg>
<doc>Valida que um campo existe no JSON de resposta</doc>
<status status="FAIL" start="2025-10-27T15:25:27.600849" elapsed="0.001753">Campo '_id' não encontrado na resposta</status>
</kw>
<kw name="Get From Dictionary" owner="Collections">
<var>${value}</var>
<arg>${response_json}</arg>
<arg>${field}</arg>
<doc>Returns a value from the given ``dictionary`` based on the given ``key``.</doc>
<status status="NOT RUN" start="2025-10-27T15:25:27.602877" elapsed="0.000043"/>
</kw>
<kw name="Should Not Be Empty" owner="BuiltIn">
<arg>${value}</arg>
<arg>msg=Campo '${field}' está vazio</arg>
<doc>Verifies that the given item is not empty.</doc>
<status status="NOT RUN" start="2025-10-27T15:25:27.603093" elapsed="0.000036"/>
</kw>
<arg>${response_json}</arg>
<arg>_id</arg>
<doc>Valida que um campo existe e não está vazio</doc>
<status status="FAIL" start="2025-10-27T15:25:27.600180" elapsed="0.003117">Campo '_id' não encontrado na resposta</status>
</kw>
<kw name="Validar Campo Nao Vazio" owner="base_api">
<arg>${response_json}</arg>
<arg>name</arg>
<doc>Valida que um campo existe e não está vazio</doc>
<status status="NOT RUN" start="2025-10-27T15:25:27.604074" elapsed="0.000194"/>
</kw>
<kw name="Validar Campo Nao Vazio" owner="base_api">
<arg>${response_json}</arg>
<arg>email</arg>
<doc>Valida que um campo existe e não está vazio</doc>
<status status="NOT RUN" start="2025-10-27T15:25:27.604898" elapsed="0.000065"/>
</kw>
<kw name="Validar Campo Existe" owner="base_api">
<arg>${response_json}</arg>
<arg>role</arg>
<doc>Valida que um campo existe no JSON de resposta</doc>
<status status="NOT RUN" start="2025-10-27T15:25:27.605511" elapsed="0.000063"/>
</kw>
<kw name="Dictionary Should Not Contain Key" owner="Collections">
<arg>${response_json}</arg>
<arg>password</arg>
<arg>msg=Senha não deve ser retornada no perfil</arg>
<doc>Fails if ``key`` is found from ``dictionary``.</doc>
<status status="NOT RUN" start="2025-10-27T15:25:27.606634" elapsed="0.000063"/>
</kw>
<kw name="Should Be Equal" owner="BuiltIn">
<arg>${response_json['email']}</arg>
<arg>${ADMIN_EMAIL}</arg>
<doc>Fails if the given objects are unequal.</doc>
<status status="NOT RUN" start="2025-10-27T15:25:27.607356" elapsed="0.000062"/>
</kw>
<doc>Valida que usuário autenticado consegue ver seu perfil</doc>
<tag>api</tag>
<tag>auth</tag>
<tag>p0</tag>
<tag>profile</tag>
<tag>smoke</tag>
<status status="FAIL" start="2025-10-27T15:25:27.039761" elapsed="0.568391">Campo '_id' não encontrado na resposta</status>
</test>
<test id="s1-s1-s2-t2" name="TC_API_008 - Obter perfil sem token deve retornar status 401" line="36">
<kw name="Criar Sessao da API" owner="base_api">
<kw name="Create Session" owner="RequestsLibrary">
<msg time="2025-10-27T15:25:27.612254" level="INFO">Creating Session using : alias=cinema_api, url=http://localhost:3000/api/v1, headers={},                     cookies={}, auth=None, timeout=None, proxies=None, verify=False,                     debug=0 </msg>
<arg>cinema_api</arg>
<arg>${BASE_URL}</arg>
<arg>verify=False</arg>
<doc>Create Session: create a HTTP session to a server</doc>
<status status="PASS" start="2025-10-27T15:25:27.611932" elapsed="0.000607"/>
</kw>
<doc>Cria uma sessão HTTP para a API</doc>
<status status="PASS" start="2025-10-27T15:25:27.611451" elapsed="0.001234"/>
</kw>
<kw name="Criar Headers Padrao" owner="base_api">
<kw name="Create Dictionary" owner="BuiltIn">
<msg time="2025-10-27T15:25:27.614344" level="INFO">${headers} = {'Content-Type': 'application/json'}</msg>
<var>${headers}</var>
<arg>Content-Type=${CONTENT_TYPE}</arg>
<doc>Creates and returns a dictionary based on the given ``items``.</doc>
<status status="PASS" start="2025-10-27T15:25:27.613917" elapsed="0.000484"/>
</kw>
<return>
<value>${headers}</value>
<status status="PASS" start="2025-10-27T15:25:27.614500" elapsed="0.000060"/>
</return>
<msg time="2025-10-27T15:25:27.614818" level="INFO">${headers} = {'Content-Type': 'application/json'}</msg>
<var>${headers}</var>
<doc>Cria headers padrão para requisições</doc>
<status status="PASS" start="2025-10-27T15:25:27.613378" elapsed="0.001488"/>
</kw>
<kw name="GET On Session" owner="RequestsLibrary">
<msg time="2025-10-27T15:25:27.621760" level="INFO">GET Request : url=http://localhost:3000/api/v1/auth/me 
 path_url=/api/v1/auth/me 
 headers={'User-Agent': 'python-requests/2.32.5', 'Accept-Encoding': 'gzip, deflate', 'Accept': '*/*', 'Connection': 'keep-alive', 'Content-Type': 'application/json'} 
 body=None 
 </msg>
<msg time="2025-10-27T15:25:27.621975" level="INFO">GET Response : url=http://localhost:3000/api/v1/auth/me 
 status=401, reason=Unauthorized 
 headers={'X-Powered-By': 'Express', 'Access-Control-Allow-Origin': '*', 'Content-Type': 'application/json; charset=utf-8', 'Content-Length': '65', 'ETag': 'W/"41-TJq3LYiwj1On+7IZ17oLU5tM1Zs"', 'Date': 'Mon, 27 Oct 2025 18:25:27 GMT', 'Connection': 'keep-alive', 'Keep-Alive': 'timeout=5'} 
 body={"success":false,"message":"Not authorized to access this route"} 
 </msg>
<msg time="2025-10-27T15:25:27.622228" level="INFO">${response} = &lt;Response [401]&gt;</msg>
<var>${response}</var>
<arg>cinema_api</arg>
<arg>/auth/me</arg>
<arg>headers=${headers}</arg>
<arg>expected_status=any</arg>
<doc>Sends a GET request on a previously created HTTP Session.</doc>
<status status="PASS" start="2025-10-27T15:25:27.615459" elapsed="0.006830"/>
</kw>
<kw name="Validar Status Code" owner="base_api">
<kw name="Should Be Equal As Strings" owner="BuiltIn">
<msg time="2025-10-27T15:25:27.625397" level="INFO">Argument types are:
&lt;class 'int'&gt;
&lt;class 'str'&gt;</msg>
<arg>${response.status_code}</arg>
<arg>${expected_status}</arg>
<arg>msg=Status code esperado: ${expected_status}, recebido: ${response.status_code}</arg>
<doc>Fails if objects are unequal after converting them to strings.</doc>
<status status="PASS" start="2025-10-27T15:25:27.623703" elapsed="0.001805"/>
</kw>
<arg>${response}</arg>
<arg>401</arg>
<doc>Valida o status code da resposta</doc>
<status status="PASS" start="2025-10-27T15:25:27.623082" elapsed="0.002570"/>
</kw>
<doc>Valida que endpoint requer autenticação</doc>
<tag>api</tag>
<tag>auth</tag>
<tag>p0</tag>
<tag>profile</tag>
<tag>security</tag>
<status status="PASS" start="2025-10-27T15:25:27.610269" elapsed="0.016100"/>
</test>
<test id="s1-s1-s2-t3" name="TC_API_008B - Obter perfil com token invalido deve retornar status 401" line="51">
<kw name="Obter Perfil do Usuario" owner="auth_service">
<kw name="Criar Sessao da API" owner="base_api">
<kw name="Create Session" owner="RequestsLibrary">
<msg time="2025-10-27T15:25:27.632403" level="INFO">Creating Session using : alias=cinema_api, url=http://localhost:3000/api/v1, headers={},                     cookies={}, auth=None, timeout=None, proxies=None, verify=False,                     debug=0 </msg>
<arg>cinema_api</arg>
<arg>${BASE_URL}</arg>
<arg>verify=False</arg>
<doc>Create Session: create a HTTP session to a server</doc>
<status status="PASS" start="2025-10-27T15:25:27.631895" elapsed="0.000915"/>
</kw>
<doc>Cria uma sessão HTTP para a API</doc>
<status status="PASS" start="2025-10-27T15:25:27.631234" elapsed="0.001807"/>
</kw>
<kw name="Criar Headers Com Token" owner="base_api">
<kw name="Create Dictionary" owner="BuiltIn">
<msg time="2025-10-27T15:25:27.634675" level="INFO">${headers} = {'Content-Type': 'application/json', 'Authorization': 'Bearer token_fake_invalido_123'}</msg>
<var>${headers}</var>
<arg>Content-Type=${CONTENT_TYPE}</arg>
<arg>Authorization=Bearer ${token}</arg>
<doc>Creates and returns a dictionary based on the given ``items``.</doc>
<status status="PASS" start="2025-10-27T15:25:27.634062" elapsed="0.000677"/>
</kw>
<return>
<value>${headers}</value>
<status status="PASS" start="2025-10-27T15:25:27.634904" elapsed="0.000077"/>
</return>
<msg time="2025-10-27T15:25:27.635273" level="INFO">${headers} = {'Content-Type': 'application/json', 'Authorization': 'Bearer token_fake_invalido_123'}</msg>
<var>${headers}</var>
<arg>${token}</arg>
<doc>Cria headers com token JWT de autenticação</doc>
<status status="PASS" start="2025-10-27T15:25:27.633395" elapsed="0.001935"/>
</kw>
<kw name="Log Request Details" owner="base_api">
<kw name="Log" owner="BuiltIn">
<msg time="2025-10-27T15:25:27.636856" level="INFO">🔵 REQUEST: GET /auth/me</msg>
<arg>🔵 REQUEST: ${method} ${endpoint}</arg>
<arg>console=True</arg>
<doc>Logs the given message with the given level.</doc>
<status status="PASS" start="2025-10-27T15:25:27.636407" elapsed="0.001030"/>
</kw>
<kw name="Run Keyword If" owner="BuiltIn">
<arg>${body} is not ${NONE}</arg>
<arg>Log</arg>
<arg>Body: ${body}</arg>
<arg>console=True</arg>
<doc>Runs the given keyword with the given arguments, if ``condition`` is true.</doc>
<status status="PASS" start="2025-10-27T15:25:27.637999" elapsed="0.000472"/>
</kw>
<arg>GET</arg>
<arg>${AUTH_ME}</arg>
<doc>Loga detalhes da requisição para debug</doc>
<status status="PASS" start="2025-10-27T15:25:27.635638" elapsed="0.003058"/>
</kw>
<kw name="GET On Session" owner="RequestsLibrary">
<msg time="2025-10-27T15:25:27.645213" level="INFO">GET Request : url=http://localhost:3000/api/v1/auth/me 
 path_url=/api/v1/auth/me 
 headers={'User-Agent': 'python-requests/2.32.5', 'Accept-Encoding': 'gzip, deflate', 'Accept': '*/*', 'Connection': 'keep-alive', 'Content-Type': 'application/json', 'Authorization': 'Bearer token_fake_invalido_123'} 
 body=None 
 </msg>
<msg time="2025-10-27T15:25:27.645381" level="INFO">GET Response : url=http://localhost:3000/api/v1/auth/me 
 status=401, reason=Unauthorized 
 headers={'X-Powered-By': 'Express', 'Access-Control-Allow-Origin': '*', 'Content-Type': 'application/json; charset=utf-8', 'Content-Length': '65', 'ETag': 'W/"41-TJq3LYiwj1On+7IZ17oLU5tM1Zs"', 'Date': 'Mon, 27 Oct 2025 18:25:27 GMT', 'Connection': 'keep-alive', 'Keep-Alive': 'timeout=5'} 
 body={"success":false,"message":"Not authorized to access this route"} 
 </msg>
<msg time="2025-10-27T15:25:27.645604" level="INFO">${response} = &lt;Response [401]&gt;</msg>
<var>${response}</var>
<arg>cinema_api</arg>
<arg>${AUTH_ME}</arg>
<arg>headers=${headers}</arg>
<arg>expected_status=any</arg>
<doc>Sends a GET request on a previously created HTTP Session.</doc>
<status status="PASS" start="2025-10-27T15:25:27.639118" elapsed="0.006542"/>
</kw>
<kw name="Log Response Details" owner="base_api">
<kw name="Log" owner="BuiltIn">
<msg time="2025-10-27T15:25:27.648833" level="INFO">RESPONSE: Status 401</msg>
<arg>RESPONSE: Status ${response.status_code}</arg>
<arg>console=True</arg>
<doc>Logs the given message with the given level.</doc>
<status status="PASS" start="2025-10-27T15:25:27.646908" elapsed="0.002466"/>
</kw>
<kw name="Log" owner="BuiltIn">
<msg time="2025-10-27T15:25:27.651620" level="INFO">Body: {"success":false,"message":"Not authorized to access this route"}</msg>
<arg>Body: ${response.text}</arg>
<arg>console=True</arg>
<doc>Logs the given message with the given level.</doc>
<status status="PASS" start="2025-10-27T15:25:27.649889" elapsed="0.002238"/>
</kw>
<arg>${response}</arg>
<doc>Loga detalhes da resposta para debug</doc>
<status status="PASS" start="2025-10-27T15:25:27.646154" elapsed="0.006282"/>
</kw>
<return>
<value>${response}</value>
<status status="PASS" start="2025-10-27T15:25:27.652609" elapsed="0.000092"/>
</return>
<msg time="2025-10-27T15:25:27.653137" level="INFO">${response} = &lt;Response [401]&gt;</msg>
<var>${response}</var>
<arg>token_fake_invalido_123</arg>
<doc>Obtém dados do perfil do usuário autenticado</doc>
<status status="PASS" start="2025-10-27T15:25:27.630553" elapsed="0.022693"/>
</kw>
<kw name="Validar Status Code" owner="base_api">
<kw name="Should Be Equal As Strings" owner="BuiltIn">
<msg time="2025-10-27T15:25:27.657961" level="INFO">Argument types are:
&lt;class 'int'&gt;
&lt;class 'str'&gt;</msg>
<arg>${response.status_code}</arg>
<arg>${expected_status}</arg>
<arg>msg=Status code esperado: ${expected_status}, recebido: ${response.status_code}</arg>
<doc>Fails if objects are unequal after converting them to strings.</doc>
<status status="PASS" start="2025-10-27T15:25:27.655033" elapsed="0.003139"/>
</kw>
<arg>${response}</arg>
<arg>401</arg>
<doc>Valida o status code da resposta</doc>
<status status="PASS" start="2025-10-27T15:25:27.654114" elapsed="0.004320"/>
</kw>
<doc>Valida que tokens inválidos são rejeitados</doc>
<tag>api</tag>
<tag>auth</tag>
<tag>p1</tag>
<tag>profile</tag>
<tag>security</tag>
<status status="PASS" start="2025-10-27T15:25:27.629209" elapsed="0.029900"/>
</test>
<test id="s1-s1-s2-t4" name="TC_API_008C - Obter perfil de usuario comum deve funcionar" line="61">
<kw name="Login Como Usuario Comum" owner="auth_service">
<kw name="Fazer Login" owner="auth_service">
<kw name="Criar Sessao da API" owner="base_api">
<kw name="Create Session" owner="RequestsLibrary">
<msg time="2025-10-27T15:25:27.667940" level="INFO">Creating Session using : alias=cinema_api, url=http://localhost:3000/api/v1, headers={},                     cookies={}, auth=None, timeout=None, proxies=None, verify=False,                     debug=0 </msg>
<arg>cinema_api</arg>
<arg>${BASE_URL}</arg>
<arg>verify=False</arg>
<doc>Create Session: create a HTTP session to a server</doc>
<status status="PASS" start="2025-10-27T15:25:27.667426" elapsed="0.001081"/>
</kw>
<doc>Cria uma sessão HTTP para a API</doc>
<status status="PASS" start="2025-10-27T15:25:27.666490" elapsed="0.002297"/>
</kw>
<kw name="Create Dictionary" owner="BuiltIn">
<msg time="2025-10-27T15:25:27.669944" level="INFO">${credentials} = {'email': 'test@example.com', 'password': 'password123'}</msg>
<var>${credentials}</var>
<arg>email=${email}</arg>
<arg>password=${password}</arg>
<doc>Creates and returns a dictionary based on the given ``items``.</doc>
<status status="PASS" start="2025-10-27T15:25:27.669194" elapsed="0.000826"/>
</kw>
<kw name="Criar Headers Padrao" owner="base_api">
<kw name="Create Dictionary" owner="BuiltIn">
<msg time="2025-10-27T15:25:27.672829" level="INFO">${headers} = {'Content-Type': 'application/json'}</msg>
<var>${headers}</var>
<arg>Content-Type=${CONTENT_TYPE}</arg>
<doc>Creates and returns a dictionary based on the given ``items``.</doc>
<status status="PASS" start="2025-10-27T15:25:27.671899" elapsed="0.001013"/>
</kw>
<return>
<value>${headers}</value>
<status status="PASS" start="2025-10-27T15:25:27.673051" elapsed="0.000071"/>
</return>
<msg time="2025-10-27T15:25:27.673402" level="INFO">${headers} = {'Content-Type': 'application/json'}</msg>
<var>${headers}</var>
<doc>Cria headers padrão para requisições</doc>
<status status="PASS" start="2025-10-27T15:25:27.671021" elapsed="0.002433"/>
</kw>
<kw name="Log Request Details" owner="base_api">
<kw name="Log" owner="BuiltIn">
<msg time="2025-10-27T15:25:27.675308" level="INFO">🔵 REQUEST: POST /auth/login</msg>
<arg>🔵 REQUEST: ${method} ${endpoint}</arg>
<arg>console=True</arg>
<doc>Logs the given message with the given level.</doc>
<status status="PASS" start="2025-10-27T15:25:27.674715" elapsed="0.001043"/>
</kw>
<kw name="Run Keyword If" owner="BuiltIn">
<kw name="Log" owner="BuiltIn">
<msg time="2025-10-27T15:25:27.677351" level="INFO">Body: {'email': 'test@example.com', 'password': 'password123'}</msg>
<arg>Body: ${body}</arg>
<arg>console=True</arg>
<doc>Logs the given message with the given level.</doc>
<status status="PASS" start="2025-10-27T15:25:27.676996" elapsed="0.000777"/>
</kw>
<arg>${body} is not ${NONE}</arg>
<arg>Log</arg>
<arg>Body: ${body}</arg>
<arg>console=True</arg>
<doc>Runs the given keyword with the given arguments, if ``condition`` is true.</doc>
<status status="PASS" start="2025-10-27T15:25:27.676293" elapsed="0.001689"/>
</kw>
<arg>POST</arg>
<arg>${AUTH_LOGIN}</arg>
<arg>${credentials}</arg>
<doc>Loga detalhes da requisição para debug</doc>
<status status="PASS" start="2025-10-27T15:25:27.673759" elapsed="0.004407"/>
</kw>
<kw name="POST On Session" owner="RequestsLibrary">
<msg time="2025-10-27T15:25:28.099459" level="INFO">POST Request : url=http://localhost:3000/api/v1/auth/login 
 path_url=/api/v1/auth/login 
 headers={'User-Agent': 'python-requests/2.32.5', 'Accept-Encoding': 'gzip, deflate', 'Accept': '*/*', 'Connection': 'keep-alive', 'Content-Type': 'application/json', 'Content-Length': '56'} 
 body=b'{"email": "test@example.com", "password": "password123"}' 
 </msg>
[...]
</test>
<test id="s1-s5-s1-t2" name="TC_API_021B - Buscar teatro por ID valido deve retornar status 200" line="27">
<kw name="Listar Todos os Teatros" owner="theaters_service">
<kw name="Criar Sessao da API" owner="base_api">
<kw name="Create Session" owner="RequestsLibrary">
<msg time="2025-10-27T15:25:37.682709" level="INFO">Creating Session using : alias=cinema_api, url=http://localhost:3000/api/v1, headers={},                     cookies={}, auth=None, timeout=None, proxies=None, verify=False,                     debug=0 </msg>
<arg>cinema_api</arg>
<arg>${BASE_URL}</arg>
<arg>verify=False</arg>
<doc>Create Session: create a HTTP session to a server</doc>
<status status="PASS" start="2025-10-27T15:25:37.682346" elapsed="0.000679"/>
</kw>
<doc>Cria uma sessão HTTP para a API</doc>
<status status="PASS" start="2025-10-27T15:25:37.681978" elapsed="0.001184"/>
</kw>
<kw name="Criar Headers Padrao" owner="base_api">
<kw name="Create Dictionary" owner="BuiltIn">
<msg time="2025-10-27T15:25:37.684290" level="INFO">${headers} = {'Content-Type': 'application/json'}</msg>
<var>${headers}</var>
<arg>Content-Type=${CONTENT_TYPE}</arg>
<doc>Creates and returns a dictionary based on the given ``items``.</doc>
<status status="PASS" start="2025-10-27T15:25:37.683870" elapsed="0.000475"/>
</kw>
<return>
<value>${headers}</value>
<status status="PASS" start="2025-10-27T15:25:37.684470" elapsed="0.000064"/>
</return>
<msg time="2025-10-27T15:25:37.684808" level="INFO">${headers} = {'Content-Type': 'application/json'}</msg>
<var>${headers}</var>
<doc>Cria headers padrão para requisições</doc>
<status status="PASS" start="2025-10-27T15:25:37.683427" elapsed="0.001446"/>
</kw>
<kw name="Log Request Details" owner="base_api">
<kw name="Log" owner="BuiltIn">
<msg time="2025-10-27T15:25:37.686127" level="INFO">🔵 REQUEST: GET /theaters</msg>
<arg>🔵 REQUEST: ${method} ${endpoint}</arg>
<arg>console=True</arg>
<doc>Logs the given message with the given level.</doc>
<status status="PASS" start="2025-10-27T15:25:37.685750" elapsed="0.001102"/>
</kw>
<kw name="Run Keyword If" owner="BuiltIn">
<arg>${body} is not ${NONE}</arg>
<arg>Log</arg>
<arg>Body: ${body}</arg>
<arg>console=True</arg>
<doc>Runs the given keyword with the given arguments, if ``condition`` is true.</doc>
<status status="PASS" start="2025-10-27T15:25:37.687344" elapsed="0.000370"/>
</kw>
<arg>GET</arg>
<arg>${THEATERS_ENDPOINT}</arg>
<doc>Loga detalhes da requisição para debug</doc>
<status status="PASS" start="2025-10-27T15:25:37.685126" elapsed="0.002713"/>
</kw>
<kw name="GET On Session" owner="RequestsLibrary">
<msg time="2025-10-27T15:25:37.754927" level="INFO">GET Request : url=http://localhost:3000/api/v1/theaters 
 path_url=/api/v1/theaters 
 headers={'User-Agent': 'python-requests/2.32.5', 'Accept-Encoding': 'gzip, deflate', 'Accept': '*/*', 'Connection': 'keep-alive', 'Content-Type': 'application/json'} 
 body=None 
 </msg>
<msg time="2025-10-27T15:25:37.755084" level="INFO">GET Response : url=http://localhost:3000/api/v1/theaters 
 status=200, reason=OK 
 headers={'X-Powered-By': 'Express', 'Access-Control-Allow-Origin': '*', 'Content-Type': 'application/json; charset=utf-8', 'Content-Length': '638', 'ETag': 'W/"27e-v5S4eI7cAgS5/HpXd/K/fSNA7jE"', 'Date': 'Mon, 27 Oct 2025 18:25:37 GMT', 'Connection': 'keep-alive', 'Keep-Alive': 'timeout=5'} 
 body={"success":true,"count":3,"data":[{"_id":"68ffa7610918d144c0dae6f0","name":"Theater 1","capacity":120,"type":"standard","createdAt":"2025-10-27T17:09:53.994Z","__v":0,"updatedAt":"2025-10-27T17:09:53.996Z","id":"68ffa7610918d144c0dae6f0"},{"_id":"68ffa7610918d144c0dae6f1","name":"Theater 2","capacity":80,"type":"3D","createdAt":"2025-10-27T17:09:53.995Z","__v":0,"updatedAt":"2025-10-27T17:09:53.996Z","id":"68ffa7610918d144c0dae6f1"},{"_id":"68ffa7610918d144c0dae6f2","name":"Theater 3","capacity":60,"type":"IMAX","createdAt":"2025-10-27T17:09:53.995Z","__v":0,"updatedAt":"2025-10-27T17:09:53.996Z","id":"68ffa7610918d144c0dae6f2"}]} 
 </msg>
<msg time="2025-10-27T15:25:37.755317" level="INFO">${response} = &lt;Response [200]&gt;</msg>
<var>${response}</var>
<arg>cinema_api</arg>
<arg>${THEATERS_ENDPOINT}</arg>
<arg>headers=${headers}</arg>
<arg>expected_status=any</arg>
<doc>Sends a GET request on a previously created HTTP Session.</doc>
<status status="PASS" start="2025-10-27T15:25:37.688027" elapsed="0.067345"/>
</kw>
<kw name="Log Response Details" owner="base_api">
<kw name="Log" owner="BuiltIn">
<msg time="2025-10-27T15:25:37.757969" level="INFO">RESPONSE: Status 200</msg>
<arg>RESPONSE: Status ${response.status_code}</arg>
<arg>console=True</arg>
<doc>Logs the given message with the given level.</doc>
<status status="PASS" start="2025-10-27T15:25:37.756544" elapsed="0.001964"/>
</kw>
<kw name="Log" owner="BuiltIn">
<msg time="2025-10-27T15:25:37.759955" level="INFO">Body: {"success":true,"count":3,"data":[{"_id":"68ffa7610918d144c0dae6f0","name":"Theater 1","capacity":120,"type":"standard","createdAt":"2025-10-27T17:09:53.994Z","__v":0,"updatedAt":"2025-10-27T17:09:53.996Z","id":"68ffa7610918d144c0dae6f0"},{"_id":"68ffa7610918d144c0dae6f1","name":"Theater 2","capacity":80,"type":"3D","createdAt":"2025-10-27T17:09:53.995Z","__v":0,"updatedAt":"2025-10-27T17:09:53.996Z","id":"68ffa7610918d144c0dae6f1"},{"_id":"68ffa7610918d144c0dae6f2","name":"Theater 3","capacity":60,"type":"IMAX","createdAt":"2025-10-27T17:09:53.995Z","__v":0,"updatedAt":"2025-10-27T17:09:53.996Z","id":"68ffa7610918d144c0dae6f2"}]}</msg>
<arg>Body: ${response.text}</arg>
<arg>console=True</arg>
<doc>Logs the given message with the given level.</doc>
<status status="PASS" start="2025-10-27T15:25:37.758801" elapsed="0.001864"/>
</kw>
<arg>${response}</arg>
<doc>Loga detalhes da resposta para debug</doc>
<status status="PASS" start="2025-10-27T15:25:37.755742" elapsed="0.005131"/>
</kw>
<return>
<value>${response}</value>
<status status="PASS" start="2025-10-27T15:25:37.761003" elapsed="0.000085"/>
</return>
<msg time="2025-10-27T15:25:37.761442" level="INFO">${list_response} = &lt;Response [200]&gt;</msg>
<var>${list_response}</var>
<doc>Lista todos os teatros cadastrados</doc>
<status status="PASS" start="2025-10-27T15:25:37.681454" elapsed="0.080043"/>
</kw>
<kw name="Validar Status Code" owner="base_api">
<kw name="Should Be Equal As Strings" owner="BuiltIn">
<msg time="2025-10-27T15:25:37.764235" level="INFO">Argument types are:
&lt;class 'int'&gt;
&lt;class 'str'&gt;</msg>
<arg>${response.status_code}</arg>
<arg>${expected_status}</arg>
<arg>msg=Status code esperado: ${expected_status}, recebido: ${response.status_code}</arg>
<doc>Fails if objects are unequal after converting them to strings.</doc>
<status status="PASS" start="2025-10-27T15:25:37.762752" elapsed="0.001571"/>
</kw>
<arg>${list_response}</arg>
<arg>200</arg>
<doc>Valida o status code da resposta</doc>
<status status="PASS" start="2025-10-27T15:25:37.762144" elapsed="0.002287"/>
</kw>
<kw name="Set Variable" owner="BuiltIn">
<msg time="2025-10-27T15:25:37.765966" level="INFO">${theaters} = {'success': True, 'count': 3, 'data': [{'_id': '68ffa7610918d144c0dae6f0', 'name': 'Theater 1', 'capacity': 120, 'type': 'standard', 'createdAt': '2025-10-27T17:09:53.994Z', '__v': 0, 'updatedAt': '20...</msg>
<var>${theaters}</var>
<arg>${list_response.json()}</arg>
<doc>Returns the given values which can then be assigned to a variables.</doc>
<status status="PASS" start="2025-10-27T15:25:37.764986" elapsed="0.001032"/>
</kw>
<kw name="Get Length" owner="BuiltIn">
<msg time="2025-10-27T15:25:37.766936" level="INFO">Length is 3.</msg>
<msg time="2025-10-27T15:25:37.767053" level="INFO">${theaters_count} = 3</msg>
<var>${theaters_count}</var>
<arg>${theaters}</arg>
<doc>Returns and logs the length of the given item as an integer.</doc>
<status status="PASS" start="2025-10-27T15:25:37.766641" elapsed="0.000455"/>
</kw>
<kw name="Skip If" owner="BuiltIn">
<arg>${theaters_count} == 0</arg>
<arg>Nenhum teatro disponível para teste</arg>
<doc>Skips the rest of the current test if the ``condition`` is True.</doc>
<status status="PASS" start="2025-10-27T15:25:37.767452" elapsed="0.000374"/>
</kw>
<kw name="Get From Dictionary" owner="Collections">
<msg time="2025-10-27T15:25:37.768432" level="FAIL">Dictionary '${theaters}' has no key '0'.</msg>
<var>${theater_id}</var>
<arg>${theaters}[0]</arg>
<arg>_id</arg>
<doc>Returns a value from the given ``dictionary`` based on the given ``key``.</doc>
<status status="FAIL" start="2025-10-27T15:25:37.768253" elapsed="0.000225">Dictionary '${theaters}' has no key '0'.</status>
</kw>
<kw name="Buscar Teatro Por ID" owner="theaters_service">
<var>${response}</var>
<arg>${theater_id}</arg>
<doc>Busca um teatro específico por ID</doc>
<status status="NOT RUN" start="2025-10-27T15:25:37.768997" elapsed="0.000037"/>
</kw>
<kw name="Validar Status Code" owner="base_api">
<arg>${response}</arg>
<arg>200</arg>
<doc>Valida o status code da resposta</doc>
<status status="NOT RUN" start="2025-10-27T15:25:37.769503" elapsed="0.000036"/>
</kw>
<kw name="Set Variable" owner="BuiltIn">
<var>${response_json}</var>
<arg>${response.json()}</arg>
<doc>Returns the given values which can then be assigned to a variables.</doc>
<status status="NOT RUN" start="2025-10-27T15:25:37.769927" elapsed="0.000025"/>
</kw>
<kw name="Validar Estrutura Do Teatro">
<arg>${response_json}</arg>
<doc>Valida que o teatro tem todos os campos esperados</doc>
<status status="NOT RUN" start="2025-10-27T15:25:37.770694" elapsed="0.000027"/>
</kw>
<kw name="Should Be Equal" owner="BuiltIn">
<arg>${response_json['_id']}</arg>
<arg>${theater_id}</arg>
<doc>Fails if the given objects are unequal.</doc>
<status status="NOT RUN" start="2025-10-27T15:25:37.771087" elapsed="0.000027"/>
</kw>
<doc>Valida busca de teatro específico por ID</doc>
<tag>api</tag>
<tag>detail</tag>
<tag>p1</tag>
<tag>theaters</tag>
<status status="FAIL" start="2025-10-27T15:25:37.680156" elapsed="0.091345">Dictionary '${theaters}' has no key '0'.</status>
</test>
<test id="s1-s5-s1-t3" name="TC_API_021C - Buscar teatro por ID invalido deve retornar status 404" line="51">
<kw name="Buscar Teatro Por ID" owner="theaters_service">
<kw name="Criar Sessao da API" owner="base_api">
<kw name="Create Session" owner="RequestsLibrary">
<msg time="2025-10-27T15:25:37.774916" level="INFO">Creating Session using : alias=cinema_api, url=http://localhost:3000/api/v1, headers={},                     cookies={}, auth=None, timeout=None, proxies=None, verify=False,                     debug=0 </msg>
<arg>cinema_api</arg>
<arg>${BASE_URL}</arg>
<arg>verify=False</arg>
<doc>Create Session: create a HTTP session to a server</doc>
<status status="PASS" start="2025-10-27T15:25:37.774663" elapsed="0.000445"/>
</kw>
<doc>Cria uma sessão HTTP para a API</doc>
<status status="PASS" start="2025-10-27T15:25:37.774373" elapsed="0.000827"/>
</kw>
<kw name="Criar Headers Padrao" owner="base_api">
<kw name="Create Dictionary" owner="BuiltIn">
<msg time="2025-10-27T15:25:37.775818" level="INFO">${headers} = {'Content-Type': 'application/json'}</msg>
<var>${headers}</var>
<arg>Content-Type=${CONTENT_TYPE}</arg>
<doc>Creates and returns a dictionary based on the given ``items``.</doc>
<status status="PASS" start="2025-10-27T15:25:37.775602" elapsed="0.000251"/>
</kw>
<return>
<value>${headers}</value>
<status status="PASS" start="2025-10-27T15:25:37.775899" elapsed="0.000029"/>
</return>
<msg time="2025-10-27T15:25:37.776043" level="INFO">${headers} = {'Content-Type': 'application/json'}</msg>
<var>${headers}</var>
<doc>Cria headers padrão para requisições</doc>
<status status="PASS" start="2025-10-27T15:25:37.775324" elapsed="0.000739"/>
</kw>
<kw name="Set Variable" owner="BuiltIn">
<msg time="2025-10-27T15:25:37.776303" level="INFO">${endpoint} = /theaters/507f1f77bcf86cd799439011</msg>
<var>${endpoint}</var>
<arg>${THEATERS_ENDPOINT}/${theater_id}</arg>
<doc>Returns the given values which can then be assigned to a variables.</doc>
<status status="PASS" start="2025-10-27T15:25:37.776147" elapsed="0.000175"/>
</kw>
<kw name="Log Request Details" owner="base_api">
<kw name="Log" owner="BuiltIn">
<msg time="2025-10-27T15:25:37.776864" level="INFO">🔵 REQUEST: GET /theaters/507f1f77bcf86cd799439011</msg>
<arg>🔵 REQUEST: ${method} ${endpoint}</arg>
<arg>console=True</arg>
<doc>Logs the given message with the given level.</doc>
<status status="PASS" start="2025-10-27T15:25:37.776695" elapsed="0.000629"/>
</kw>
<kw name="Run Keyword If" owner="BuiltIn">
<arg>${body} is not ${NONE}</arg>
<arg>Log</arg>
<arg>Body: ${body}</arg>
<arg>console=True</arg>
<doc>Runs the given keyword with the given arguments, if ``condition`` is true.</doc>
<status status="PASS" start="2025-10-27T15:25:37.777497" elapsed="0.000250"/>
</kw>
<arg>GET</arg>
<arg>${endpoint}</arg>
<doc>Loga detalhes da requisição para debug</doc>
<status status="PASS" start="2025-10-27T15:25:37.776430" elapsed="0.001393"/>
</kw>
<kw name="GET On Session" owner="RequestsLibrary">
<msg time="2025-10-27T15:25:37.845901" level="INFO">GET Request : url=http://localhost:3000/api/v1/theaters/507f1f77bcf86cd799439011 
 path_url=/api/v1/theaters/507f1f77bcf86cd799439011 
 headers={'User-Agent': 'python-requests/2.32.5', 'Accept-Encoding': 'gzip, deflate', 'Accept': '*/*', 'Connection': 'keep-alive', 'Content-Type': 'application/json'} 
 body=None 
 </msg>
<msg time="2025-10-27T15:25:37.846072" level="INFO">GET Response : url=http://localhost:3000/api/v1/theaters/507f1f77bcf86cd799439011 
 status=404, reason=Not Found 
 headers={'X-Powered-By': 'Express', 'Access-Control-Allow-Origin': '*', 'Content-Type': 'application/json; charset=utf-8', 'Content-Length': '47', 'ETag': 'W/"2f-KVXF32youtabRc/9Rp7Fmtl3UrM"', 'Date': 'Mon, 27 Oct 2025 18:25:37 GMT', 'Connection': 'keep-alive', 'Keep-Alive': 'timeout=5'} 
 body={"success":false,"message":"Theater not found"} 
 </msg>
<msg time="2025-10-27T15:25:37.846295" level="INFO">${response} = &lt;Response [404]&gt;</msg>
<var>${response}</var>
<arg>cinema_api</arg>
<arg>${endpoint}</arg>
<arg>headers=${headers}</arg>
<arg>expected_status=any</arg>
<doc>Sends a GET request on a previously created HTTP Session.</doc>
<status status="PASS" start="2025-10-27T15:25:37.777935" elapsed="0.068413"/>
</kw>
<kw name="Log Response Details" owner="base_api">
<kw name="Log" owner="BuiltIn">
<msg time="2025-10-27T15:25:37.849025" level="INFO">RESPONSE: Status 404</msg>
<arg>RESPONSE: Status ${response.status_code}</arg>
<arg>console=True</arg>
<doc>Logs the given message with the given level.</doc>
<status status="PASS" start="2025-10-27T15:25:37.847863" elapsed="0.001765"/>
</kw>
<kw name="Log" owner="BuiltIn">
<msg time="2025-10-27T15:25:37.851672" level="INFO">Body: {"success":false,"message":"Theater not found"}</msg>
<arg>Body: ${response.text}</arg>
<arg>console=True</arg>
<doc>Logs the given message with the given level.</doc>
<status status="PASS" start="2025-10-27T15:25:37.850017" elapsed="0.002219"/>
</kw>
<arg>${response}</arg>
<doc>Loga detalhes da resposta para debug</doc>
<status status="PASS" start="2025-10-27T15:25:37.846880" elapsed="0.005538"/>
</kw>
<return>
<value>${response}</value>
<status status="PASS" start="2025-10-27T15:25:37.852516" elapsed="0.000073"/>
</return>
<msg time="2025-10-27T15:25:37.852869" level="INFO">${response} = &lt;Response [404]&gt;</msg>
<var>${response}</var>
<arg>507f1f77bcf86cd799439011</arg>
<doc>Busca um teatro específico por ID</doc>
<status status="PASS" start="2025-10-27T15:25:37.774013" elapsed="0.078913"/>
</kw>
<kw name="Validar Status Code" owner="base_api">
<kw name="Should Be Equal As Strings" owner="BuiltIn">
<msg time="2025-10-27T15:25:37.856129" level="INFO">Argument types are:
&lt;class 'int'&gt;
&lt;class 'str'&gt;</msg>
<arg>${response.status_code}</arg>
<arg>${expected_status}</arg>
<arg>msg=Status code esperado: ${expected_status}, recebido: ${response.status_code}</arg>
<doc>Fails if objects are unequal after converting them to strings.</doc>
<status status="PASS" start="2025-10-27T15:25:37.854336" elapsed="0.001908"/>
</kw>
<arg>${response}</arg>
<arg>404</arg>
<doc>Valida o status code da resposta</doc>
<status status="PASS" start="2025-10-27T15:25:37.853721" elapsed="0.002659"/>
</kw>
<doc>Valida que IDs inexistentes retornam 404</doc>
<tag>api</tag>
<tag>detail</tag>
<tag>p2</tag>
<tag>theaters</tag>
<tag>validation</tag>
<status status="PASS" start="2025-10-27T15:25:37.773069" elapsed="0.083944"/>
</test>
<kw name="Log" owner="BuiltIn" type="TEARDOWN">
<msg time="2025-10-27T15:25:37.859456" level="INFO">✅ Testes de Listagem de Teatros finalizados</msg>
<arg>✅ Testes de Listagem de Teatros finalizados</arg>
<arg>console=True</arg>
<doc>Logs the given message with the given level.</doc>
<status status="PASS" start="2025-10-27T15:25:37.859167" elapsed="0.000807"/>
</kw>
<doc>Testes de listagem de teatros/salas de cinema</doc>
<status status="FAIL" start="2025-10-27T15:25:37.565205" elapsed="0.294897"/>
</suite>
<status status="FAIL" start="2025-10-27T15:25:37.562571" elapsed="0.300250"/>
</suite>
<status status="FAIL" start="2025-10-27T15:25:24.466917" elapsed="13.398545"/>
</suite>
<statistics>
<total>
<stat pass="23" fail="23" skip="3">All Tests</stat>
</total>
<tag>
<stat pass="0" fail="3" skip="2">admin</stat>
<stat pass="23" fail="23" skip="3">api</stat>
<stat pass="12" fail="3" skip="0">auth</stat>
<stat pass="1" fail="3" skip="0">cancel</stat>
<stat pass="2" fail="10" skip="1">create</stat>
<stat pass="1" fail="1" skip="0">critical</stat>
<stat pass="0" fail="0" skip="1">delete</stat>
<stat pass="5" fail="3" skip="0">detail</stat>
<stat pass="0" fail="1" skip="0">integration</stat>
<stat pass="3" fail="3" skip="0">list</stat>
<stat pass="4" fail="0" skip="0">login</stat>
<stat pass="3" fail="1" skip="0">movies</stat>
<stat pass="9" fail="7" skip="0">p0</stat>
<stat pass="8" fail="10" skip="1">p1</stat>
<stat pass="5" fail="4" skip="2">p2</stat>
<stat pass="2" fail="1" skip="0">permissions</stat>
<stat pass="2" fail="3" skip="0">profile</stat>
<stat pass="6" fail="0" skip="0">register</stat>
<stat pass="3" fail="11" skip="0">reservations</stat>
<stat pass="9" fail="1" skip="0">security</stat>
<stat pass="4" fail="6" skip="3">sessions</stat>
<stat pass="3" fail="4" skip="0">smoke</stat>
<stat pass="1" fail="2" skip="0">theaters</stat>
<stat pass="0" fail="0" skip="1">update</stat>
<stat pass="10" fail="7" skip="1">validation</stat>
</tag>
<suite>
<stat name="Api" id="s1" pass="23" fail="23" skip="3">Api</stat>
<stat name="Auth" id="s1-s1" pass="12" fail="3" skip="0">Api.Auth</stat>
<stat name="Login" id="s1-s1-s1" pass="4" fail="0" skip="0">Api.Auth.Login</stat>
<stat name="Profile" id="s1-s1-s2" pass="2" fail="3" skip="0">Api.Auth.Profile</stat>
<stat name="Register" id="s1-s1-s3" pass="6" fail="0" skip="0">Api.Auth.Register</stat>
<stat name="Movies" id="s1-s2" pass="3" fail="1" skip="0">Api.Movies</stat>
<stat name="List Movies" id="s1-s2-s1" pass="3" fail="1" skip="0">Api.Movies.List Movies</stat>
<stat name="Reservations" id="s1-s3" pass="3" fail="11" skip="0">Api.Reservations</stat>
<stat name="Cancel Reservation" id="s1-s3-s1" pass="1" fail="3" skip="0">Api.Reservations.Cancel Reservation</stat>
<stat name="Create Reservation" id="s1-s3-s2" pass="0" fail="6" skip="0">Api.Reservations.Create Reservation</stat>
<stat name="My Reservations" id="s1-s3-s3" pass="2" fail="2" skip="0">Api.Reservations.My Reservations</stat>
<stat name="Sessions" id="s1-s4" pass="4" fail="6" skip="3">Api.Sessions</stat>
<stat name="Crud Sessions" id="s1-s4-s1" pass="2" fail="4" skip="3">Api.Sessions.Crud Sessions</stat>
<stat name="List Sessions" id="s1-s4-s2" pass="2" fail="2" skip="0">Api.Sessions.List Sessions</stat>
<stat name="Theaters" id="s1-s5" pass="1" fail="2" skip="0">Api.Theaters</stat>
<stat name="List Theaters" id="s1-s5-s1" pass="1" fail="2" skip="0">Api.Theaters.List Theaters</stat>
</suite>
</statistics>
<errors>
</errors>
</robot>
